  Client.cpp
  Compress.cpp
  DRNG.cpp
  EncrypterCLI.cpp
c:\program files (x86)\windows kits\10\include\10.0.16299.0\shared\ntstatus.h(66): warning C4005: 'STATUS_WAIT_0': macro redefinition
  c:\program files (x86)\windows kits\10\include\10.0.16299.0\um\winnt.h(2444): note: see previous definition of 'STATUS_WAIT_0'
c:\program files (x86)\windows kits\10\include\10.0.16299.0\shared\ntstatus.h(219): warning C4005: 'STATUS_ABANDONED_WAIT_0': macro redefinition
  c:\program files (x86)\windows kits\10\include\10.0.16299.0\um\winnt.h(2445): note: see previous definition of 'STATUS_ABANDONED_WAIT_0'
c:\program files (x86)\windows kits\10\include\10.0.16299.0\shared\ntstatus.h(242): warning C4005: 'STATUS_USER_APC': macro redefinition
  c:\program files (x86)\windows kits\10\include\10.0.16299.0\um\winnt.h(2446): note: see previous definition of 'STATUS_USER_APC'
c:\program files (x86)\windows kits\10\include\10.0.16299.0\shared\ntstatus.h(278): warning C4005: 'STATUS_TIMEOUT': macro redefinition
  c:\program files (x86)\windows kits\10\include\10.0.16299.0\um\winnt.h(2447): note: see previous definition of 'STATUS_TIMEOUT'
c:\program files (x86)\windows kits\10\include\10.0.16299.0\shared\ntstatus.h(287): warning C4005: 'STATUS_PENDING': macro redefinition
  c:\program files (x86)\windows kits\10\include\10.0.16299.0\um\winnt.h(2448): note: see previous definition of 'STATUS_PENDING'
c:\program files (x86)\windows kits\10\include\10.0.16299.0\shared\ntstatus.h(725): warning C4005: 'DBG_EXCEPTION_HANDLED': macro redefinition
  c:\program files (x86)\windows kits\10\include\10.0.16299.0\um\winnt.h(2449): note: see previous definition of 'DBG_EXCEPTION_HANDLED'
c:\program files (x86)\windows kits\10\include\10.0.16299.0\shared\ntstatus.h(734): warning C4005: 'DBG_CONTINUE': macro redefinition
  c:\program files (x86)\windows kits\10\include\10.0.16299.0\um\winnt.h(2450): note: see previous definition of 'DBG_CONTINUE'
c:\program files (x86)\windows kits\10\include\10.0.16299.0\shared\ntstatus.h(809): warning C4005: 'STATUS_SEGMENT_NOTIFICATION': macro redefinition
  c:\program files (x86)\windows kits\10\include\10.0.16299.0\um\winnt.h(2451): note: see previous definition of 'STATUS_SEGMENT_NOTIFICATION'
c:\program files (x86)\windows kits\10\include\10.0.16299.0\shared\ntstatus.h(972): warning C4005: 'STATUS_FATAL_APP_EXIT': macro redefinition
  c:\program files (x86)\windows kits\10\include\10.0.16299.0\um\winnt.h(2452): note: see previous definition of 'STATUS_FATAL_APP_EXIT'
c:\program files (x86)\windows kits\10\include\10.0.16299.0\shared\ntstatus.h(1283): warning C4005: 'DBG_REPLY_LATER': macro redefinition
  c:\program files (x86)\windows kits\10\include\10.0.16299.0\um\winnt.h(2453): note: see previous definition of 'DBG_REPLY_LATER'
c:\program files (x86)\windows kits\10\include\10.0.16299.0\shared\ntstatus.h(1301): warning C4005: 'DBG_TERMINATE_THREAD': macro redefinition
  c:\program files (x86)\windows kits\10\include\10.0.16299.0\um\winnt.h(2454): note: see previous definition of 'DBG_TERMINATE_THREAD'
c:\program files (x86)\windows kits\10\include\10.0.16299.0\shared\ntstatus.h(1310): warning C4005: 'DBG_TERMINATE_PROCESS': macro redefinition
  c:\program files (x86)\windows kits\10\include\10.0.16299.0\um\winnt.h(2455): note: see previous definition of 'DBG_TERMINATE_PROCESS'
c:\program files (x86)\windows kits\10\include\10.0.16299.0\shared\ntstatus.h(1319): warning C4005: 'DBG_CONTROL_C': macro redefinition
  c:\program files (x86)\windows kits\10\include\10.0.16299.0\um\winnt.h(2456): note: see previous definition of 'DBG_CONTROL_C'
c:\program files (x86)\windows kits\10\include\10.0.16299.0\shared\ntstatus.h(1328): warning C4005: 'DBG_PRINTEXCEPTION_C': macro redefinition
  c:\program files (x86)\windows kits\10\include\10.0.16299.0\um\winnt.h(2457): note: see previous definition of 'DBG_PRINTEXCEPTION_C'
c:\program files (x86)\windows kits\10\include\10.0.16299.0\shared\ntstatus.h(1337): warning C4005: 'DBG_RIPEXCEPTION': macro redefinition
  c:\program files (x86)\windows kits\10\include\10.0.16299.0\um\winnt.h(2458): note: see previous definition of 'DBG_RIPEXCEPTION'
c:\program files (x86)\windows kits\10\include\10.0.16299.0\shared\ntstatus.h(1346): warning C4005: 'DBG_CONTROL_BREAK': macro redefinition
  c:\program files (x86)\windows kits\10\include\10.0.16299.0\um\winnt.h(2459): note: see previous definition of 'DBG_CONTROL_BREAK'
c:\program files (x86)\windows kits\10\include\10.0.16299.0\shared\ntstatus.h(1355): warning C4005: 'DBG_COMMAND_EXCEPTION': macro redefinition
  c:\program files (x86)\windows kits\10\include\10.0.16299.0\um\winnt.h(2460): note: see previous definition of 'DBG_COMMAND_EXCEPTION'
c:\program files (x86)\windows kits\10\include\10.0.16299.0\shared\ntstatus.h(1364): warning C4005: 'DBG_PRINTEXCEPTION_WIDE_C': macro redefinition
  c:\program files (x86)\windows kits\10\include\10.0.16299.0\um\winnt.h(2461): note: see previous definition of 'DBG_PRINTEXCEPTION_WIDE_C'
c:\program files (x86)\windows kits\10\include\10.0.16299.0\shared\ntstatus.h(1396): warning C4005: 'STATUS_GUARD_PAGE_VIOLATION': macro redefinition
  c:\program files (x86)\windows kits\10\include\10.0.16299.0\um\winnt.h(2462): note: see previous definition of 'STATUS_GUARD_PAGE_VIOLATION'
c:\program files (x86)\windows kits\10\include\10.0.16299.0\shared\ntstatus.h(1407): warning C4005: 'STATUS_DATATYPE_MISALIGNMENT': macro redefinition
  c:\program files (x86)\windows kits\10\include\10.0.16299.0\um\winnt.h(2463): note: see previous definition of 'STATUS_DATATYPE_MISALIGNMENT'
c:\program files (x86)\windows kits\10\include\10.0.16299.0\shared\ntstatus.h(1418): warning C4005: 'STATUS_BREAKPOINT': macro redefinition
  c:\program files (x86)\windows kits\10\include\10.0.16299.0\um\winnt.h(2464): note: see previous definition of 'STATUS_BREAKPOINT'
c:\program files (x86)\windows kits\10\include\10.0.16299.0\shared\ntstatus.h(1429): warning C4005: 'STATUS_SINGLE_STEP': macro redefinition
  c:\program files (x86)\windows kits\10\include\10.0.16299.0\um\winnt.h(2465): note: see previous definition of 'STATUS_SINGLE_STEP'
c:\program files (x86)\windows kits\10\include\10.0.16299.0\shared\ntstatus.h(1732): warning C4005: 'STATUS_LONGJUMP': macro redefinition
  c:\program files (x86)\windows kits\10\include\10.0.16299.0\um\winnt.h(2466): note: see previous definition of 'STATUS_LONGJUMP'
c:\program files (x86)\windows kits\10\include\10.0.16299.0\shared\ntstatus.h(1759): warning C4005: 'STATUS_UNWIND_CONSOLIDATE': macro redefinition
  c:\program files (x86)\windows kits\10\include\10.0.16299.0\um\winnt.h(2467): note: see previous definition of 'STATUS_UNWIND_CONSOLIDATE'
c:\program files (x86)\windows kits\10\include\10.0.16299.0\shared\ntstatus.h(1854): warning C4005: 'DBG_EXCEPTION_NOT_HANDLED': macro redefinition
  c:\program files (x86)\windows kits\10\include\10.0.16299.0\um\winnt.h(2468): note: see previous definition of 'DBG_EXCEPTION_NOT_HANDLED'
c:\program files (x86)\windows kits\10\include\10.0.16299.0\shared\ntstatus.h(2000): warning C4005: 'STATUS_ACCESS_VIOLATION': macro redefinition
  c:\program files (x86)\windows kits\10\include\10.0.16299.0\um\winnt.h(2469): note: see previous definition of 'STATUS_ACCESS_VIOLATION'
c:\program files (x86)\windows kits\10\include\10.0.16299.0\shared\ntstatus.h(2009): warning C4005: 'STATUS_IN_PAGE_ERROR': macro redefinition
  c:\program files (x86)\windows kits\10\include\10.0.16299.0\um\winnt.h(2470): note: see previous definition of 'STATUS_IN_PAGE_ERROR'
c:\program files (x86)\windows kits\10\include\10.0.16299.0\shared\ntstatus.h(2027): warning C4005: 'STATUS_INVALID_HANDLE': macro redefinition
  c:\program files (x86)\windows kits\10\include\10.0.16299.0\um\winnt.h(2471): note: see previous definition of 'STATUS_INVALID_HANDLE'
c:\program files (x86)\windows kits\10\include\10.0.16299.0\shared\ntstatus.h(2072): warning C4005: 'STATUS_INVALID_PARAMETER': macro redefinition
  c:\program files (x86)\windows kits\10\include\10.0.16299.0\um\winnt.h(2472): note: see previous definition of 'STATUS_INVALID_PARAMETER'
c:\program files (x86)\windows kits\10\include\10.0.16299.0\shared\ntstatus.h(2172): warning C4005: 'STATUS_NO_MEMORY': macro redefinition
  c:\program files (x86)\windows kits\10\include\10.0.16299.0\um\winnt.h(2473): note: see previous definition of 'STATUS_NO_MEMORY'
c:\program files (x86)\windows kits\10\include\10.0.16299.0\shared\ntstatus.h(2229): warning C4005: 'STATUS_ILLEGAL_INSTRUCTION': macro redefinition
  c:\program files (x86)\windows kits\10\include\10.0.16299.0\um\winnt.h(2474): note: see previous definition of 'STATUS_ILLEGAL_INSTRUCTION'
c:\program files (x86)\windows kits\10\include\10.0.16299.0\shared\ntstatus.h(2310): warning C4005: 'STATUS_NONCONTINUABLE_EXCEPTION': macro redefinition
  c:\program files (x86)\windows kits\10\include\10.0.16299.0\um\winnt.h(2475): note: see previous definition of 'STATUS_NONCONTINUABLE_EXCEPTION'
c:\program files (x86)\windows kits\10\include\10.0.16299.0\shared\ntstatus.h(2319): warning C4005: 'STATUS_INVALID_DISPOSITION': macro redefinition
  c:\program files (x86)\windows kits\10\include\10.0.16299.0\um\winnt.h(2476): note: see previous definition of 'STATUS_INVALID_DISPOSITION'
c:\program files (x86)\windows kits\10\include\10.0.16299.0\shared\ntstatus.h(3252): warning C4005: 'STATUS_ARRAY_BOUNDS_EXCEEDED': macro redefinition
  c:\program files (x86)\windows kits\10\include\10.0.16299.0\um\winnt.h(2477): note: see previous definition of 'STATUS_ARRAY_BOUNDS_EXCEEDED'
c:\program files (x86)\windows kits\10\include\10.0.16299.0\shared\ntstatus.h(3262): warning C4005: 'STATUS_FLOAT_DENORMAL_OPERAND': macro redefinition
  c:\program files (x86)\windows kits\10\include\10.0.16299.0\um\winnt.h(2478): note: see previous definition of 'STATUS_FLOAT_DENORMAL_OPERAND'
c:\program files (x86)\windows kits\10\include\10.0.16299.0\shared\ntstatus.h(3272): warning C4005: 'STATUS_FLOAT_DIVIDE_BY_ZERO': macro redefinition
  c:\program files (x86)\windows kits\10\include\10.0.16299.0\um\winnt.h(2479): note: see previous definition of 'STATUS_FLOAT_DIVIDE_BY_ZERO'
c:\program files (x86)\windows kits\10\include\10.0.16299.0\shared\ntstatus.h(3282): warning C4005: 'STATUS_FLOAT_INEXACT_RESULT': macro redefinition
  c:\program files (x86)\windows kits\10\include\10.0.16299.0\um\winnt.h(2480): note: see previous definition of 'STATUS_FLOAT_INEXACT_RESULT'
c:\program files (x86)\windows kits\10\include\10.0.16299.0\shared\ntstatus.h(3292): warning C4005: 'STATUS_FLOAT_INVALID_OPERATION': macro redefinition
  c:\program files (x86)\windows kits\10\include\10.0.16299.0\um\winnt.h(2481): note: see previous definition of 'STATUS_FLOAT_INVALID_OPERATION'
c:\program files (x86)\windows kits\10\include\10.0.16299.0\shared\ntstatus.h(3302): warning C4005: 'STATUS_FLOAT_OVERFLOW': macro redefinition
  c:\program files (x86)\windows kits\10\include\10.0.16299.0\um\winnt.h(2482): note: see previous definition of 'STATUS_FLOAT_OVERFLOW'
c:\program files (x86)\windows kits\10\include\10.0.16299.0\shared\ntstatus.h(3312): warning C4005: 'STATUS_FLOAT_STACK_CHECK': macro redefinition
  c:\program files (x86)\windows kits\10\include\10.0.16299.0\um\winnt.h(2483): note: see previous definition of 'STATUS_FLOAT_STACK_CHECK'
c:\program files (x86)\windows kits\10\include\10.0.16299.0\shared\ntstatus.h(3322): warning C4005: 'STATUS_FLOAT_UNDERFLOW': macro redefinition
  c:\program files (x86)\windows kits\10\include\10.0.16299.0\um\winnt.h(2484): note: see previous definition of 'STATUS_FLOAT_UNDERFLOW'
c:\program files (x86)\windows kits\10\include\10.0.16299.0\shared\ntstatus.h(3332): warning C4005: 'STATUS_INTEGER_DIVIDE_BY_ZERO': macro redefinition
  c:\program files (x86)\windows kits\10\include\10.0.16299.0\um\winnt.h(2485): note: see previous definition of 'STATUS_INTEGER_DIVIDE_BY_ZERO'
c:\program files (x86)\windows kits\10\include\10.0.16299.0\shared\ntstatus.h(3342): warning C4005: 'STATUS_INTEGER_OVERFLOW': macro redefinition
  c:\program files (x86)\windows kits\10\include\10.0.16299.0\um\winnt.h(2486): note: see previous definition of 'STATUS_INTEGER_OVERFLOW'
c:\program files (x86)\windows kits\10\include\10.0.16299.0\shared\ntstatus.h(3352): warning C4005: 'STATUS_PRIVILEGED_INSTRUCTION': macro redefinition
  c:\program files (x86)\windows kits\10\include\10.0.16299.0\um\winnt.h(2487): note: see previous definition of 'STATUS_PRIVILEGED_INSTRUCTION'
c:\program files (x86)\windows kits\10\include\10.0.16299.0\shared\ntstatus.h(4298): warning C4005: 'STATUS_STACK_OVERFLOW': macro redefinition
  c:\program files (x86)\windows kits\10\include\10.0.16299.0\um\winnt.h(2488): note: see previous definition of 'STATUS_STACK_OVERFLOW'
c:\program files (x86)\windows kits\10\include\10.0.16299.0\shared\ntstatus.h(4815): warning C4005: 'STATUS_DLL_NOT_FOUND': macro redefinition
  c:\program files (x86)\windows kits\10\include\10.0.16299.0\um\winnt.h(2489): note: see previous definition of 'STATUS_DLL_NOT_FOUND'
c:\program files (x86)\windows kits\10\include\10.0.16299.0\shared\ntstatus.h(4844): warning C4005: 'STATUS_ORDINAL_NOT_FOUND': macro redefinition
  c:\program files (x86)\windows kits\10\include\10.0.16299.0\um\winnt.h(2490): note: see previous definition of 'STATUS_ORDINAL_NOT_FOUND'
c:\program files (x86)\windows kits\10\include\10.0.16299.0\shared\ntstatus.h(4854): warning C4005: 'STATUS_ENTRYPOINT_NOT_FOUND': macro redefinition
  c:\program files (x86)\windows kits\10\include\10.0.16299.0\um\winnt.h(2491): note: see previous definition of 'STATUS_ENTRYPOINT_NOT_FOUND'
c:\program files (x86)\windows kits\10\include\10.0.16299.0\shared\ntstatus.h(4864): warning C4005: 'STATUS_CONTROL_C_EXIT': macro redefinition
  c:\program files (x86)\windows kits\10\include\10.0.16299.0\um\winnt.h(2492): note: see previous definition of 'STATUS_CONTROL_C_EXIT'
c:\program files (x86)\windows kits\10\include\10.0.16299.0\shared\ntstatus.h(4942): warning C4005: 'STATUS_DLL_INIT_FAILED': macro redefinition
  c:\program files (x86)\windows kits\10\include\10.0.16299.0\um\winnt.h(2493): note: see previous definition of 'STATUS_DLL_INIT_FAILED'
c:\program files (x86)\windows kits\10\include\10.0.16299.0\shared\ntstatus.h(7470): warning C4005: 'STATUS_FLOAT_MULTIPLE_FAULTS': macro redefinition
  c:\program files (x86)\windows kits\10\include\10.0.16299.0\um\winnt.h(2494): note: see previous definition of 'STATUS_FLOAT_MULTIPLE_FAULTS'
c:\program files (x86)\windows kits\10\include\10.0.16299.0\shared\ntstatus.h(7480): warning C4005: 'STATUS_FLOAT_MULTIPLE_TRAPS': macro redefinition
  c:\program files (x86)\windows kits\10\include\10.0.16299.0\um\winnt.h(2495): note: see previous definition of 'STATUS_FLOAT_MULTIPLE_TRAPS'
c:\program files (x86)\windows kits\10\include\10.0.16299.0\shared\ntstatus.h(7612): warning C4005: 'STATUS_REG_NAT_CONSUMPTION': macro redefinition
  c:\program files (x86)\windows kits\10\include\10.0.16299.0\um\winnt.h(2496): note: see previous definition of 'STATUS_REG_NAT_CONSUMPTION'
c:\program files (x86)\windows kits\10\include\10.0.16299.0\shared\ntstatus.h(8595): warning C4005: 'STATUS_HEAP_CORRUPTION': macro redefinition
  c:\program files (x86)\windows kits\10\include\10.0.16299.0\um\winnt.h(2497): note: see previous definition of 'STATUS_HEAP_CORRUPTION'
c:\program files (x86)\windows kits\10\include\10.0.16299.0\shared\ntstatus.h(8823): warning C4005: 'STATUS_STACK_BUFFER_OVERRUN': macro redefinition
  c:\program files (x86)\windows kits\10\include\10.0.16299.0\um\winnt.h(2498): note: see previous definition of 'STATUS_STACK_BUFFER_OVERRUN'
c:\program files (x86)\windows kits\10\include\10.0.16299.0\shared\ntstatus.h(8950): warning C4005: 'STATUS_INVALID_CRUNTIME_PARAMETER': macro redefinition
  c:\program files (x86)\windows kits\10\include\10.0.16299.0\um\winnt.h(2499): note: see previous definition of 'STATUS_INVALID_CRUNTIME_PARAMETER'
c:\program files (x86)\windows kits\10\include\10.0.16299.0\shared\ntstatus.h(9013): warning C4005: 'STATUS_ASSERTION_FAILURE': macro redefinition
  c:\program files (x86)\windows kits\10\include\10.0.16299.0\um\winnt.h(2500): note: see previous definition of 'STATUS_ASSERTION_FAILURE'
c:\program files (x86)\windows kits\10\include\10.0.16299.0\shared\ntstatus.h(13879): warning C4005: 'STATUS_SXS_EARLY_DEACTIVATION': macro redefinition
  c:\program files (x86)\windows kits\10\include\10.0.16299.0\um\winnt.h(2502): note: see previous definition of 'STATUS_SXS_EARLY_DEACTIVATION'
c:\program files (x86)\windows kits\10\include\10.0.16299.0\shared\ntstatus.h(13888): warning C4005: 'STATUS_SXS_INVALID_DEACTIVATION': macro redefinition
  c:\program files (x86)\windows kits\10\include\10.0.16299.0\um\winnt.h(2503): note: see previous definition of 'STATUS_SXS_INVALID_DEACTIVATION'
d:\masterthesis\encrypter\encrypter\encrypter\encryptercli\encryptercli.cpp(144): warning C4018: '<': signed/unsigned mismatch
d:\masterthesis\encrypter\encrypter\encrypter\encryptercli\encryptercli.cpp(755): warning C4018: '<': signed/unsigned mismatch
  FileIOHandler.cpp
c:\program files (x86)\windows kits\10\include\10.0.16299.0\shared\ntstatus.h(66): warning C4005: 'STATUS_WAIT_0': macro redefinition
  c:\program files (x86)\windows kits\10\include\10.0.16299.0\um\winnt.h(2444): note: see previous definition of 'STATUS_WAIT_0'
c:\program files (x86)\windows kits\10\include\10.0.16299.0\shared\ntstatus.h(219): warning C4005: 'STATUS_ABANDONED_WAIT_0': macro redefinition
  c:\program files (x86)\windows kits\10\include\10.0.16299.0\um\winnt.h(2445): note: see previous definition of 'STATUS_ABANDONED_WAIT_0'
c:\program files (x86)\windows kits\10\include\10.0.16299.0\shared\ntstatus.h(242): warning C4005: 'STATUS_USER_APC': macro redefinition
  c:\program files (x86)\windows kits\10\include\10.0.16299.0\um\winnt.h(2446): note: see previous definition of 'STATUS_USER_APC'
c:\program files (x86)\windows kits\10\include\10.0.16299.0\shared\ntstatus.h(278): warning C4005: 'STATUS_TIMEOUT': macro redefinition
  c:\program files (x86)\windows kits\10\include\10.0.16299.0\um\winnt.h(2447): note: see previous definition of 'STATUS_TIMEOUT'
c:\program files (x86)\windows kits\10\include\10.0.16299.0\shared\ntstatus.h(287): warning C4005: 'STATUS_PENDING': macro redefinition
  c:\program files (x86)\windows kits\10\include\10.0.16299.0\um\winnt.h(2448): note: see previous definition of 'STATUS_PENDING'
c:\program files (x86)\windows kits\10\include\10.0.16299.0\shared\ntstatus.h(725): warning C4005: 'DBG_EXCEPTION_HANDLED': macro redefinition
  c:\program files (x86)\windows kits\10\include\10.0.16299.0\um\winnt.h(2449): note: see previous definition of 'DBG_EXCEPTION_HANDLED'
c:\program files (x86)\windows kits\10\include\10.0.16299.0\shared\ntstatus.h(734): warning C4005: 'DBG_CONTINUE': macro redefinition
  c:\program files (x86)\windows kits\10\include\10.0.16299.0\um\winnt.h(2450): note: see previous definition of 'DBG_CONTINUE'
c:\program files (x86)\windows kits\10\include\10.0.16299.0\shared\ntstatus.h(809): warning C4005: 'STATUS_SEGMENT_NOTIFICATION': macro redefinition
  c:\program files (x86)\windows kits\10\include\10.0.16299.0\um\winnt.h(2451): note: see previous definition of 'STATUS_SEGMENT_NOTIFICATION'
c:\program files (x86)\windows kits\10\include\10.0.16299.0\shared\ntstatus.h(972): warning C4005: 'STATUS_FATAL_APP_EXIT': macro redefinition
  c:\program files (x86)\windows kits\10\include\10.0.16299.0\um\winnt.h(2452): note: see previous definition of 'STATUS_FATAL_APP_EXIT'
c:\program files (x86)\windows kits\10\include\10.0.16299.0\shared\ntstatus.h(1283): warning C4005: 'DBG_REPLY_LATER': macro redefinition
  c:\program files (x86)\windows kits\10\include\10.0.16299.0\um\winnt.h(2453): note: see previous definition of 'DBG_REPLY_LATER'
c:\program files (x86)\windows kits\10\include\10.0.16299.0\shared\ntstatus.h(1301): warning C4005: 'DBG_TERMINATE_THREAD': macro redefinition
  c:\program files (x86)\windows kits\10\include\10.0.16299.0\um\winnt.h(2454): note: see previous definition of 'DBG_TERMINATE_THREAD'
c:\program files (x86)\windows kits\10\include\10.0.16299.0\shared\ntstatus.h(1310): warning C4005: 'DBG_TERMINATE_PROCESS': macro redefinition
  c:\program files (x86)\windows kits\10\include\10.0.16299.0\um\winnt.h(2455): note: see previous definition of 'DBG_TERMINATE_PROCESS'
c:\program files (x86)\windows kits\10\include\10.0.16299.0\shared\ntstatus.h(1319): warning C4005: 'DBG_CONTROL_C': macro redefinition
  c:\program files (x86)\windows kits\10\include\10.0.16299.0\um\winnt.h(2456): note: see previous definition of 'DBG_CONTROL_C'
c:\program files (x86)\windows kits\10\include\10.0.16299.0\shared\ntstatus.h(1328): warning C4005: 'DBG_PRINTEXCEPTION_C': macro redefinition
  c:\program files (x86)\windows kits\10\include\10.0.16299.0\um\winnt.h(2457): note: see previous definition of 'DBG_PRINTEXCEPTION_C'
c:\program files (x86)\windows kits\10\include\10.0.16299.0\shared\ntstatus.h(1337): warning C4005: 'DBG_RIPEXCEPTION': macro redefinition
  c:\program files (x86)\windows kits\10\include\10.0.16299.0\um\winnt.h(2458): note: see previous definition of 'DBG_RIPEXCEPTION'
c:\program files (x86)\windows kits\10\include\10.0.16299.0\shared\ntstatus.h(1346): warning C4005: 'DBG_CONTROL_BREAK': macro redefinition
  c:\program files (x86)\windows kits\10\include\10.0.16299.0\um\winnt.h(2459): note: see previous definition of 'DBG_CONTROL_BREAK'
c:\program files (x86)\windows kits\10\include\10.0.16299.0\shared\ntstatus.h(1355): warning C4005: 'DBG_COMMAND_EXCEPTION': macro redefinition
  c:\program files (x86)\windows kits\10\include\10.0.16299.0\um\winnt.h(2460): note: see previous definition of 'DBG_COMMAND_EXCEPTION'
c:\program files (x86)\windows kits\10\include\10.0.16299.0\shared\ntstatus.h(1364): warning C4005: 'DBG_PRINTEXCEPTION_WIDE_C': macro redefinition
  c:\program files (x86)\windows kits\10\include\10.0.16299.0\um\winnt.h(2461): note: see previous definition of 'DBG_PRINTEXCEPTION_WIDE_C'
c:\program files (x86)\windows kits\10\include\10.0.16299.0\shared\ntstatus.h(1396): warning C4005: 'STATUS_GUARD_PAGE_VIOLATION': macro redefinition
  c:\program files (x86)\windows kits\10\include\10.0.16299.0\um\winnt.h(2462): note: see previous definition of 'STATUS_GUARD_PAGE_VIOLATION'
c:\program files (x86)\windows kits\10\include\10.0.16299.0\shared\ntstatus.h(1407): warning C4005: 'STATUS_DATATYPE_MISALIGNMENT': macro redefinition
  c:\program files (x86)\windows kits\10\include\10.0.16299.0\um\winnt.h(2463): note: see previous definition of 'STATUS_DATATYPE_MISALIGNMENT'
c:\program files (x86)\windows kits\10\include\10.0.16299.0\shared\ntstatus.h(1418): warning C4005: 'STATUS_BREAKPOINT': macro redefinition
  c:\program files (x86)\windows kits\10\include\10.0.16299.0\um\winnt.h(2464): note: see previous definition of 'STATUS_BREAKPOINT'
c:\program files (x86)\windows kits\10\include\10.0.16299.0\shared\ntstatus.h(1429): warning C4005: 'STATUS_SINGLE_STEP': macro redefinition
  c:\program files (x86)\windows kits\10\include\10.0.16299.0\um\winnt.h(2465): note: see previous definition of 'STATUS_SINGLE_STEP'
c:\program files (x86)\windows kits\10\include\10.0.16299.0\shared\ntstatus.h(1732): warning C4005: 'STATUS_LONGJUMP': macro redefinition
  c:\program files (x86)\windows kits\10\include\10.0.16299.0\um\winnt.h(2466): note: see previous definition of 'STATUS_LONGJUMP'
c:\program files (x86)\windows kits\10\include\10.0.16299.0\shared\ntstatus.h(1759): warning C4005: 'STATUS_UNWIND_CONSOLIDATE': macro redefinition
  c:\program files (x86)\windows kits\10\include\10.0.16299.0\um\winnt.h(2467): note: see previous definition of 'STATUS_UNWIND_CONSOLIDATE'
c:\program files (x86)\windows kits\10\include\10.0.16299.0\shared\ntstatus.h(1854): warning C4005: 'DBG_EXCEPTION_NOT_HANDLED': macro redefinition
  c:\program files (x86)\windows kits\10\include\10.0.16299.0\um\winnt.h(2468): note: see previous definition of 'DBG_EXCEPTION_NOT_HANDLED'
c:\program files (x86)\windows kits\10\include\10.0.16299.0\shared\ntstatus.h(2000): warning C4005: 'STATUS_ACCESS_VIOLATION': macro redefinition
  c:\program files (x86)\windows kits\10\include\10.0.16299.0\um\winnt.h(2469): note: see previous definition of 'STATUS_ACCESS_VIOLATION'
c:\program files (x86)\windows kits\10\include\10.0.16299.0\shared\ntstatus.h(2009): warning C4005: 'STATUS_IN_PAGE_ERROR': macro redefinition
  c:\program files (x86)\windows kits\10\include\10.0.16299.0\um\winnt.h(2470): note: see previous definition of 'STATUS_IN_PAGE_ERROR'
c:\program files (x86)\windows kits\10\include\10.0.16299.0\shared\ntstatus.h(2027): warning C4005: 'STATUS_INVALID_HANDLE': macro redefinition
  c:\program files (x86)\windows kits\10\include\10.0.16299.0\um\winnt.h(2471): note: see previous definition of 'STATUS_INVALID_HANDLE'
c:\program files (x86)\windows kits\10\include\10.0.16299.0\shared\ntstatus.h(2072): warning C4005: 'STATUS_INVALID_PARAMETER': macro redefinition
  c:\program files (x86)\windows kits\10\include\10.0.16299.0\um\winnt.h(2472): note: see previous definition of 'STATUS_INVALID_PARAMETER'
c:\program files (x86)\windows kits\10\include\10.0.16299.0\shared\ntstatus.h(2172): warning C4005: 'STATUS_NO_MEMORY': macro redefinition
  c:\program files (x86)\windows kits\10\include\10.0.16299.0\um\winnt.h(2473): note: see previous definition of 'STATUS_NO_MEMORY'
c:\program files (x86)\windows kits\10\include\10.0.16299.0\shared\ntstatus.h(2229): warning C4005: 'STATUS_ILLEGAL_INSTRUCTION': macro redefinition
  c:\program files (x86)\windows kits\10\include\10.0.16299.0\um\winnt.h(2474): note: see previous definition of 'STATUS_ILLEGAL_INSTRUCTION'
c:\program files (x86)\windows kits\10\include\10.0.16299.0\shared\ntstatus.h(2310): warning C4005: 'STATUS_NONCONTINUABLE_EXCEPTION': macro redefinition
  c:\program files (x86)\windows kits\10\include\10.0.16299.0\um\winnt.h(2475): note: see previous definition of 'STATUS_NONCONTINUABLE_EXCEPTION'
c:\program files (x86)\windows kits\10\include\10.0.16299.0\shared\ntstatus.h(2319): warning C4005: 'STATUS_INVALID_DISPOSITION': macro redefinition
  c:\program files (x86)\windows kits\10\include\10.0.16299.0\um\winnt.h(2476): note: see previous definition of 'STATUS_INVALID_DISPOSITION'
c:\program files (x86)\windows kits\10\include\10.0.16299.0\shared\ntstatus.h(3252): warning C4005: 'STATUS_ARRAY_BOUNDS_EXCEEDED': macro redefinition
  c:\program files (x86)\windows kits\10\include\10.0.16299.0\um\winnt.h(2477): note: see previous definition of 'STATUS_ARRAY_BOUNDS_EXCEEDED'
c:\program files (x86)\windows kits\10\include\10.0.16299.0\shared\ntstatus.h(3262): warning C4005: 'STATUS_FLOAT_DENORMAL_OPERAND': macro redefinition
  c:\program files (x86)\windows kits\10\include\10.0.16299.0\um\winnt.h(2478): note: see previous definition of 'STATUS_FLOAT_DENORMAL_OPERAND'
c:\program files (x86)\windows kits\10\include\10.0.16299.0\shared\ntstatus.h(3272): warning C4005: 'STATUS_FLOAT_DIVIDE_BY_ZERO': macro redefinition
  c:\program files (x86)\windows kits\10\include\10.0.16299.0\um\winnt.h(2479): note: see previous definition of 'STATUS_FLOAT_DIVIDE_BY_ZERO'
c:\program files (x86)\windows kits\10\include\10.0.16299.0\shared\ntstatus.h(3282): warning C4005: 'STATUS_FLOAT_INEXACT_RESULT': macro redefinition
  c:\program files (x86)\windows kits\10\include\10.0.16299.0\um\winnt.h(2480): note: see previous definition of 'STATUS_FLOAT_INEXACT_RESULT'
c:\program files (x86)\windows kits\10\include\10.0.16299.0\shared\ntstatus.h(3292): warning C4005: 'STATUS_FLOAT_INVALID_OPERATION': macro redefinition
  c:\program files (x86)\windows kits\10\include\10.0.16299.0\um\winnt.h(2481): note: see previous definition of 'STATUS_FLOAT_INVALID_OPERATION'
c:\program files (x86)\windows kits\10\include\10.0.16299.0\shared\ntstatus.h(3302): warning C4005: 'STATUS_FLOAT_OVERFLOW': macro redefinition
  c:\program files (x86)\windows kits\10\include\10.0.16299.0\um\winnt.h(2482): note: see previous definition of 'STATUS_FLOAT_OVERFLOW'
c:\program files (x86)\windows kits\10\include\10.0.16299.0\shared\ntstatus.h(3312): warning C4005: 'STATUS_FLOAT_STACK_CHECK': macro redefinition
  c:\program files (x86)\windows kits\10\include\10.0.16299.0\um\winnt.h(2483): note: see previous definition of 'STATUS_FLOAT_STACK_CHECK'
c:\program files (x86)\windows kits\10\include\10.0.16299.0\shared\ntstatus.h(3322): warning C4005: 'STATUS_FLOAT_UNDERFLOW': macro redefinition
  c:\program files (x86)\windows kits\10\include\10.0.16299.0\um\winnt.h(2484): note: see previous definition of 'STATUS_FLOAT_UNDERFLOW'
c:\program files (x86)\windows kits\10\include\10.0.16299.0\shared\ntstatus.h(3332): warning C4005: 'STATUS_INTEGER_DIVIDE_BY_ZERO': macro redefinition
  c:\program files (x86)\windows kits\10\include\10.0.16299.0\um\winnt.h(2485): note: see previous definition of 'STATUS_INTEGER_DIVIDE_BY_ZERO'
c:\program files (x86)\windows kits\10\include\10.0.16299.0\shared\ntstatus.h(3342): warning C4005: 'STATUS_INTEGER_OVERFLOW': macro redefinition
  c:\program files (x86)\windows kits\10\include\10.0.16299.0\um\winnt.h(2486): note: see previous definition of 'STATUS_INTEGER_OVERFLOW'
c:\program files (x86)\windows kits\10\include\10.0.16299.0\shared\ntstatus.h(3352): warning C4005: 'STATUS_PRIVILEGED_INSTRUCTION': macro redefinition
  c:\program files (x86)\windows kits\10\include\10.0.16299.0\um\winnt.h(2487): note: see previous definition of 'STATUS_PRIVILEGED_INSTRUCTION'
c:\program files (x86)\windows kits\10\include\10.0.16299.0\shared\ntstatus.h(4298): warning C4005: 'STATUS_STACK_OVERFLOW': macro redefinition
  c:\program files (x86)\windows kits\10\include\10.0.16299.0\um\winnt.h(2488): note: see previous definition of 'STATUS_STACK_OVERFLOW'
c:\program files (x86)\windows kits\10\include\10.0.16299.0\shared\ntstatus.h(4815): warning C4005: 'STATUS_DLL_NOT_FOUND': macro redefinition
  c:\program files (x86)\windows kits\10\include\10.0.16299.0\um\winnt.h(2489): note: see previous definition of 'STATUS_DLL_NOT_FOUND'
c:\program files (x86)\windows kits\10\include\10.0.16299.0\shared\ntstatus.h(4844): warning C4005: 'STATUS_ORDINAL_NOT_FOUND': macro redefinition
  c:\program files (x86)\windows kits\10\include\10.0.16299.0\um\winnt.h(2490): note: see previous definition of 'STATUS_ORDINAL_NOT_FOUND'
c:\program files (x86)\windows kits\10\include\10.0.16299.0\shared\ntstatus.h(4854): warning C4005: 'STATUS_ENTRYPOINT_NOT_FOUND': macro redefinition
  c:\program files (x86)\windows kits\10\include\10.0.16299.0\um\winnt.h(2491): note: see previous definition of 'STATUS_ENTRYPOINT_NOT_FOUND'
c:\program files (x86)\windows kits\10\include\10.0.16299.0\shared\ntstatus.h(4864): warning C4005: 'STATUS_CONTROL_C_EXIT': macro redefinition
  c:\program files (x86)\windows kits\10\include\10.0.16299.0\um\winnt.h(2492): note: see previous definition of 'STATUS_CONTROL_C_EXIT'
c:\program files (x86)\windows kits\10\include\10.0.16299.0\shared\ntstatus.h(4942): warning C4005: 'STATUS_DLL_INIT_FAILED': macro redefinition
  c:\program files (x86)\windows kits\10\include\10.0.16299.0\um\winnt.h(2493): note: see previous definition of 'STATUS_DLL_INIT_FAILED'
c:\program files (x86)\windows kits\10\include\10.0.16299.0\shared\ntstatus.h(7470): warning C4005: 'STATUS_FLOAT_MULTIPLE_FAULTS': macro redefinition
  c:\program files (x86)\windows kits\10\include\10.0.16299.0\um\winnt.h(2494): note: see previous definition of 'STATUS_FLOAT_MULTIPLE_FAULTS'
c:\program files (x86)\windows kits\10\include\10.0.16299.0\shared\ntstatus.h(7480): warning C4005: 'STATUS_FLOAT_MULTIPLE_TRAPS': macro redefinition
  c:\program files (x86)\windows kits\10\include\10.0.16299.0\um\winnt.h(2495): note: see previous definition of 'STATUS_FLOAT_MULTIPLE_TRAPS'
c:\program files (x86)\windows kits\10\include\10.0.16299.0\shared\ntstatus.h(7612): warning C4005: 'STATUS_REG_NAT_CONSUMPTION': macro redefinition
  c:\program files (x86)\windows kits\10\include\10.0.16299.0\um\winnt.h(2496): note: see previous definition of 'STATUS_REG_NAT_CONSUMPTION'
c:\program files (x86)\windows kits\10\include\10.0.16299.0\shared\ntstatus.h(8595): warning C4005: 'STATUS_HEAP_CORRUPTION': macro redefinition
  c:\program files (x86)\windows kits\10\include\10.0.16299.0\um\winnt.h(2497): note: see previous definition of 'STATUS_HEAP_CORRUPTION'
c:\program files (x86)\windows kits\10\include\10.0.16299.0\shared\ntstatus.h(8823): warning C4005: 'STATUS_STACK_BUFFER_OVERRUN': macro redefinition
  c:\program files (x86)\windows kits\10\include\10.0.16299.0\um\winnt.h(2498): note: see previous definition of 'STATUS_STACK_BUFFER_OVERRUN'
c:\program files (x86)\windows kits\10\include\10.0.16299.0\shared\ntstatus.h(8950): warning C4005: 'STATUS_INVALID_CRUNTIME_PARAMETER': macro redefinition
  c:\program files (x86)\windows kits\10\include\10.0.16299.0\um\winnt.h(2499): note: see previous definition of 'STATUS_INVALID_CRUNTIME_PARAMETER'
c:\program files (x86)\windows kits\10\include\10.0.16299.0\shared\ntstatus.h(9013): warning C4005: 'STATUS_ASSERTION_FAILURE': macro redefinition
  c:\program files (x86)\windows kits\10\include\10.0.16299.0\um\winnt.h(2500): note: see previous definition of 'STATUS_ASSERTION_FAILURE'
c:\program files (x86)\windows kits\10\include\10.0.16299.0\shared\ntstatus.h(13879): warning C4005: 'STATUS_SXS_EARLY_DEACTIVATION': macro redefinition
  c:\program files (x86)\windows kits\10\include\10.0.16299.0\um\winnt.h(2502): note: see previous definition of 'STATUS_SXS_EARLY_DEACTIVATION'
c:\program files (x86)\windows kits\10\include\10.0.16299.0\shared\ntstatus.h(13888): warning C4005: 'STATUS_SXS_INVALID_DEACTIVATION': macro redefinition
  c:\program files (x86)\windows kits\10\include\10.0.16299.0\um\winnt.h(2503): note: see previous definition of 'STATUS_SXS_INVALID_DEACTIVATION'
d:\masterthesis\encrypter\encrypter\encrypter\encryptercli\fileiohandler.cpp(127): warning C4477: 'printf' : format string '%x' requires an argument of type 'unsigned int', but variadic argument 1 has type 'BYTE *'
d:\masterthesis\encrypter\encrypter\encrypter\encryptercli\fileiohandler.cpp(234): warning C4244: '=': conversion from 'uintmax_t' to 'DWORD', possible loss of data
  EncrypterHelpers.cpp
c:\program files (x86)\windows kits\10\include\10.0.16299.0\shared\ntstatus.h(66): warning C4005: 'STATUS_WAIT_0': macro redefinition
  c:\program files (x86)\windows kits\10\include\10.0.16299.0\um\winnt.h(2444): note: see previous definition of 'STATUS_WAIT_0'
c:\program files (x86)\windows kits\10\include\10.0.16299.0\shared\ntstatus.h(219): warning C4005: 'STATUS_ABANDONED_WAIT_0': macro redefinition
  c:\program files (x86)\windows kits\10\include\10.0.16299.0\um\winnt.h(2445): note: see previous definition of 'STATUS_ABANDONED_WAIT_0'
c:\program files (x86)\windows kits\10\include\10.0.16299.0\shared\ntstatus.h(242): warning C4005: 'STATUS_USER_APC': macro redefinition
  c:\program files (x86)\windows kits\10\include\10.0.16299.0\um\winnt.h(2446): note: see previous definition of 'STATUS_USER_APC'
c:\program files (x86)\windows kits\10\include\10.0.16299.0\shared\ntstatus.h(278): warning C4005: 'STATUS_TIMEOUT': macro redefinition
  c:\program files (x86)\windows kits\10\include\10.0.16299.0\um\winnt.h(2447): note: see previous definition of 'STATUS_TIMEOUT'
c:\program files (x86)\windows kits\10\include\10.0.16299.0\shared\ntstatus.h(287): warning C4005: 'STATUS_PENDING': macro redefinition
  c:\program files (x86)\windows kits\10\include\10.0.16299.0\um\winnt.h(2448): note: see previous definition of 'STATUS_PENDING'
c:\program files (x86)\windows kits\10\include\10.0.16299.0\shared\ntstatus.h(725): warning C4005: 'DBG_EXCEPTION_HANDLED': macro redefinition
  c:\program files (x86)\windows kits\10\include\10.0.16299.0\um\winnt.h(2449): note: see previous definition of 'DBG_EXCEPTION_HANDLED'
c:\program files (x86)\windows kits\10\include\10.0.16299.0\shared\ntstatus.h(734): warning C4005: 'DBG_CONTINUE': macro redefinition
  c:\program files (x86)\windows kits\10\include\10.0.16299.0\um\winnt.h(2450): note: see previous definition of 'DBG_CONTINUE'
c:\program files (x86)\windows kits\10\include\10.0.16299.0\shared\ntstatus.h(809): warning C4005: 'STATUS_SEGMENT_NOTIFICATION': macro redefinition
  c:\program files (x86)\windows kits\10\include\10.0.16299.0\um\winnt.h(2451): note: see previous definition of 'STATUS_SEGMENT_NOTIFICATION'
c:\program files (x86)\windows kits\10\include\10.0.16299.0\shared\ntstatus.h(972): warning C4005: 'STATUS_FATAL_APP_EXIT': macro redefinition
  c:\program files (x86)\windows kits\10\include\10.0.16299.0\um\winnt.h(2452): note: see previous definition of 'STATUS_FATAL_APP_EXIT'
c:\program files (x86)\windows kits\10\include\10.0.16299.0\shared\ntstatus.h(1283): warning C4005: 'DBG_REPLY_LATER': macro redefinition
  c:\program files (x86)\windows kits\10\include\10.0.16299.0\um\winnt.h(2453): note: see previous definition of 'DBG_REPLY_LATER'
c:\program files (x86)\windows kits\10\include\10.0.16299.0\shared\ntstatus.h(1301): warning C4005: 'DBG_TERMINATE_THREAD': macro redefinition
  c:\program files (x86)\windows kits\10\include\10.0.16299.0\um\winnt.h(2454): note: see previous definition of 'DBG_TERMINATE_THREAD'
c:\program files (x86)\windows kits\10\include\10.0.16299.0\shared\ntstatus.h(1310): warning C4005: 'DBG_TERMINATE_PROCESS': macro redefinition
  c:\program files (x86)\windows kits\10\include\10.0.16299.0\um\winnt.h(2455): note: see previous definition of 'DBG_TERMINATE_PROCESS'
c:\program files (x86)\windows kits\10\include\10.0.16299.0\shared\ntstatus.h(1319): warning C4005: 'DBG_CONTROL_C': macro redefinition
  c:\program files (x86)\windows kits\10\include\10.0.16299.0\um\winnt.h(2456): note: see previous definition of 'DBG_CONTROL_C'
c:\program files (x86)\windows kits\10\include\10.0.16299.0\shared\ntstatus.h(1328): warning C4005: 'DBG_PRINTEXCEPTION_C': macro redefinition
  c:\program files (x86)\windows kits\10\include\10.0.16299.0\um\winnt.h(2457): note: see previous definition of 'DBG_PRINTEXCEPTION_C'
c:\program files (x86)\windows kits\10\include\10.0.16299.0\shared\ntstatus.h(1337): warning C4005: 'DBG_RIPEXCEPTION': macro redefinition
  c:\program files (x86)\windows kits\10\include\10.0.16299.0\um\winnt.h(2458): note: see previous definition of 'DBG_RIPEXCEPTION'
c:\program files (x86)\windows kits\10\include\10.0.16299.0\shared\ntstatus.h(1346): warning C4005: 'DBG_CONTROL_BREAK': macro redefinition
  c:\program files (x86)\windows kits\10\include\10.0.16299.0\um\winnt.h(2459): note: see previous definition of 'DBG_CONTROL_BREAK'
c:\program files (x86)\windows kits\10\include\10.0.16299.0\shared\ntstatus.h(1355): warning C4005: 'DBG_COMMAND_EXCEPTION': macro redefinition
  c:\program files (x86)\windows kits\10\include\10.0.16299.0\um\winnt.h(2460): note: see previous definition of 'DBG_COMMAND_EXCEPTION'
c:\program files (x86)\windows kits\10\include\10.0.16299.0\shared\ntstatus.h(1364): warning C4005: 'DBG_PRINTEXCEPTION_WIDE_C': macro redefinition
  c:\program files (x86)\windows kits\10\include\10.0.16299.0\um\winnt.h(2461): note: see previous definition of 'DBG_PRINTEXCEPTION_WIDE_C'
c:\program files (x86)\windows kits\10\include\10.0.16299.0\shared\ntstatus.h(1396): warning C4005: 'STATUS_GUARD_PAGE_VIOLATION': macro redefinition
  c:\program files (x86)\windows kits\10\include\10.0.16299.0\um\winnt.h(2462): note: see previous definition of 'STATUS_GUARD_PAGE_VIOLATION'
c:\program files (x86)\windows kits\10\include\10.0.16299.0\shared\ntstatus.h(1407): warning C4005: 'STATUS_DATATYPE_MISALIGNMENT': macro redefinition
  c:\program files (x86)\windows kits\10\include\10.0.16299.0\um\winnt.h(2463): note: see previous definition of 'STATUS_DATATYPE_MISALIGNMENT'
c:\program files (x86)\windows kits\10\include\10.0.16299.0\shared\ntstatus.h(1418): warning C4005: 'STATUS_BREAKPOINT': macro redefinition
  c:\program files (x86)\windows kits\10\include\10.0.16299.0\um\winnt.h(2464): note: see previous definition of 'STATUS_BREAKPOINT'
c:\program files (x86)\windows kits\10\include\10.0.16299.0\shared\ntstatus.h(1429): warning C4005: 'STATUS_SINGLE_STEP': macro redefinition
  c:\program files (x86)\windows kits\10\include\10.0.16299.0\um\winnt.h(2465): note: see previous definition of 'STATUS_SINGLE_STEP'
c:\program files (x86)\windows kits\10\include\10.0.16299.0\shared\ntstatus.h(1732): warning C4005: 'STATUS_LONGJUMP': macro redefinition
  c:\program files (x86)\windows kits\10\include\10.0.16299.0\um\winnt.h(2466): note: see previous definition of 'STATUS_LONGJUMP'
c:\program files (x86)\windows kits\10\include\10.0.16299.0\shared\ntstatus.h(1759): warning C4005: 'STATUS_UNWIND_CONSOLIDATE': macro redefinition
  c:\program files (x86)\windows kits\10\include\10.0.16299.0\um\winnt.h(2467): note: see previous definition of 'STATUS_UNWIND_CONSOLIDATE'
c:\program files (x86)\windows kits\10\include\10.0.16299.0\shared\ntstatus.h(1854): warning C4005: 'DBG_EXCEPTION_NOT_HANDLED': macro redefinition
  c:\program files (x86)\windows kits\10\include\10.0.16299.0\um\winnt.h(2468): note: see previous definition of 'DBG_EXCEPTION_NOT_HANDLED'
c:\program files (x86)\windows kits\10\include\10.0.16299.0\shared\ntstatus.h(2000): warning C4005: 'STATUS_ACCESS_VIOLATION': macro redefinition
  c:\program files (x86)\windows kits\10\include\10.0.16299.0\um\winnt.h(2469): note: see previous definition of 'STATUS_ACCESS_VIOLATION'
c:\program files (x86)\windows kits\10\include\10.0.16299.0\shared\ntstatus.h(2009): warning C4005: 'STATUS_IN_PAGE_ERROR': macro redefinition
  c:\program files (x86)\windows kits\10\include\10.0.16299.0\um\winnt.h(2470): note: see previous definition of 'STATUS_IN_PAGE_ERROR'
c:\program files (x86)\windows kits\10\include\10.0.16299.0\shared\ntstatus.h(2027): warning C4005: 'STATUS_INVALID_HANDLE': macro redefinition
  c:\program files (x86)\windows kits\10\include\10.0.16299.0\um\winnt.h(2471): note: see previous definition of 'STATUS_INVALID_HANDLE'
c:\program files (x86)\windows kits\10\include\10.0.16299.0\shared\ntstatus.h(2072): warning C4005: 'STATUS_INVALID_PARAMETER': macro redefinition
  c:\program files (x86)\windows kits\10\include\10.0.16299.0\um\winnt.h(2472): note: see previous definition of 'STATUS_INVALID_PARAMETER'
c:\program files (x86)\windows kits\10\include\10.0.16299.0\shared\ntstatus.h(2172): warning C4005: 'STATUS_NO_MEMORY': macro redefinition
  c:\program files (x86)\windows kits\10\include\10.0.16299.0\um\winnt.h(2473): note: see previous definition of 'STATUS_NO_MEMORY'
c:\program files (x86)\windows kits\10\include\10.0.16299.0\shared\ntstatus.h(2229): warning C4005: 'STATUS_ILLEGAL_INSTRUCTION': macro redefinition
  c:\program files (x86)\windows kits\10\include\10.0.16299.0\um\winnt.h(2474): note: see previous definition of 'STATUS_ILLEGAL_INSTRUCTION'
c:\program files (x86)\windows kits\10\include\10.0.16299.0\shared\ntstatus.h(2310): warning C4005: 'STATUS_NONCONTINUABLE_EXCEPTION': macro redefinition
  c:\program files (x86)\windows kits\10\include\10.0.16299.0\um\winnt.h(2475): note: see previous definition of 'STATUS_NONCONTINUABLE_EXCEPTION'
c:\program files (x86)\windows kits\10\include\10.0.16299.0\shared\ntstatus.h(2319): warning C4005: 'STATUS_INVALID_DISPOSITION': macro redefinition
  c:\program files (x86)\windows kits\10\include\10.0.16299.0\um\winnt.h(2476): note: see previous definition of 'STATUS_INVALID_DISPOSITION'
c:\program files (x86)\windows kits\10\include\10.0.16299.0\shared\ntstatus.h(3252): warning C4005: 'STATUS_ARRAY_BOUNDS_EXCEEDED': macro redefinition
  c:\program files (x86)\windows kits\10\include\10.0.16299.0\um\winnt.h(2477): note: see previous definition of 'STATUS_ARRAY_BOUNDS_EXCEEDED'
c:\program files (x86)\windows kits\10\include\10.0.16299.0\shared\ntstatus.h(3262): warning C4005: 'STATUS_FLOAT_DENORMAL_OPERAND': macro redefinition
  c:\program files (x86)\windows kits\10\include\10.0.16299.0\um\winnt.h(2478): note: see previous definition of 'STATUS_FLOAT_DENORMAL_OPERAND'
c:\program files (x86)\windows kits\10\include\10.0.16299.0\shared\ntstatus.h(3272): warning C4005: 'STATUS_FLOAT_DIVIDE_BY_ZERO': macro redefinition
  c:\program files (x86)\windows kits\10\include\10.0.16299.0\um\winnt.h(2479): note: see previous definition of 'STATUS_FLOAT_DIVIDE_BY_ZERO'
c:\program files (x86)\windows kits\10\include\10.0.16299.0\shared\ntstatus.h(3282): warning C4005: 'STATUS_FLOAT_INEXACT_RESULT': macro redefinition
  c:\program files (x86)\windows kits\10\include\10.0.16299.0\um\winnt.h(2480): note: see previous definition of 'STATUS_FLOAT_INEXACT_RESULT'
c:\program files (x86)\windows kits\10\include\10.0.16299.0\shared\ntstatus.h(3292): warning C4005: 'STATUS_FLOAT_INVALID_OPERATION': macro redefinition
  c:\program files (x86)\windows kits\10\include\10.0.16299.0\um\winnt.h(2481): note: see previous definition of 'STATUS_FLOAT_INVALID_OPERATION'
c:\program files (x86)\windows kits\10\include\10.0.16299.0\shared\ntstatus.h(3302): warning C4005: 'STATUS_FLOAT_OVERFLOW': macro redefinition
  c:\program files (x86)\windows kits\10\include\10.0.16299.0\um\winnt.h(2482): note: see previous definition of 'STATUS_FLOAT_OVERFLOW'
c:\program files (x86)\windows kits\10\include\10.0.16299.0\shared\ntstatus.h(3312): warning C4005: 'STATUS_FLOAT_STACK_CHECK': macro redefinition
  c:\program files (x86)\windows kits\10\include\10.0.16299.0\um\winnt.h(2483): note: see previous definition of 'STATUS_FLOAT_STACK_CHECK'
c:\program files (x86)\windows kits\10\include\10.0.16299.0\shared\ntstatus.h(3322): warning C4005: 'STATUS_FLOAT_UNDERFLOW': macro redefinition
  c:\program files (x86)\windows kits\10\include\10.0.16299.0\um\winnt.h(2484): note: see previous definition of 'STATUS_FLOAT_UNDERFLOW'
c:\program files (x86)\windows kits\10\include\10.0.16299.0\shared\ntstatus.h(3332): warning C4005: 'STATUS_INTEGER_DIVIDE_BY_ZERO': macro redefinition
  c:\program files (x86)\windows kits\10\include\10.0.16299.0\um\winnt.h(2485): note: see previous definition of 'STATUS_INTEGER_DIVIDE_BY_ZERO'
c:\program files (x86)\windows kits\10\include\10.0.16299.0\shared\ntstatus.h(3342): warning C4005: 'STATUS_INTEGER_OVERFLOW': macro redefinition
  c:\program files (x86)\windows kits\10\include\10.0.16299.0\um\winnt.h(2486): note: see previous definition of 'STATUS_INTEGER_OVERFLOW'
c:\program files (x86)\windows kits\10\include\10.0.16299.0\shared\ntstatus.h(3352): warning C4005: 'STATUS_PRIVILEGED_INSTRUCTION': macro redefinition
  c:\program files (x86)\windows kits\10\include\10.0.16299.0\um\winnt.h(2487): note: see previous definition of 'STATUS_PRIVILEGED_INSTRUCTION'
c:\program files (x86)\windows kits\10\include\10.0.16299.0\shared\ntstatus.h(4298): warning C4005: 'STATUS_STACK_OVERFLOW': macro redefinition
  c:\program files (x86)\windows kits\10\include\10.0.16299.0\um\winnt.h(2488): note: see previous definition of 'STATUS_STACK_OVERFLOW'
c:\program files (x86)\windows kits\10\include\10.0.16299.0\shared\ntstatus.h(4815): warning C4005: 'STATUS_DLL_NOT_FOUND': macro redefinition
  c:\program files (x86)\windows kits\10\include\10.0.16299.0\um\winnt.h(2489): note: see previous definition of 'STATUS_DLL_NOT_FOUND'
c:\program files (x86)\windows kits\10\include\10.0.16299.0\shared\ntstatus.h(4844): warning C4005: 'STATUS_ORDINAL_NOT_FOUND': macro redefinition
  c:\program files (x86)\windows kits\10\include\10.0.16299.0\um\winnt.h(2490): note: see previous definition of 'STATUS_ORDINAL_NOT_FOUND'
c:\program files (x86)\windows kits\10\include\10.0.16299.0\shared\ntstatus.h(4854): warning C4005: 'STATUS_ENTRYPOINT_NOT_FOUND': macro redefinition
  c:\program files (x86)\windows kits\10\include\10.0.16299.0\um\winnt.h(2491): note: see previous definition of 'STATUS_ENTRYPOINT_NOT_FOUND'
c:\program files (x86)\windows kits\10\include\10.0.16299.0\shared\ntstatus.h(4864): warning C4005: 'STATUS_CONTROL_C_EXIT': macro redefinition
  c:\program files (x86)\windows kits\10\include\10.0.16299.0\um\winnt.h(2492): note: see previous definition of 'STATUS_CONTROL_C_EXIT'
c:\program files (x86)\windows kits\10\include\10.0.16299.0\shared\ntstatus.h(4942): warning C4005: 'STATUS_DLL_INIT_FAILED': macro redefinition
  c:\program files (x86)\windows kits\10\include\10.0.16299.0\um\winnt.h(2493): note: see previous definition of 'STATUS_DLL_INIT_FAILED'
c:\program files (x86)\windows kits\10\include\10.0.16299.0\shared\ntstatus.h(7470): warning C4005: 'STATUS_FLOAT_MULTIPLE_FAULTS': macro redefinition
  c:\program files (x86)\windows kits\10\include\10.0.16299.0\um\winnt.h(2494): note: see previous definition of 'STATUS_FLOAT_MULTIPLE_FAULTS'
c:\program files (x86)\windows kits\10\include\10.0.16299.0\shared\ntstatus.h(7480): warning C4005: 'STATUS_FLOAT_MULTIPLE_TRAPS': macro redefinition
  c:\program files (x86)\windows kits\10\include\10.0.16299.0\um\winnt.h(2495): note: see previous definition of 'STATUS_FLOAT_MULTIPLE_TRAPS'
c:\program files (x86)\windows kits\10\include\10.0.16299.0\shared\ntstatus.h(7612): warning C4005: 'STATUS_REG_NAT_CONSUMPTION': macro redefinition
  c:\program files (x86)\windows kits\10\include\10.0.16299.0\um\winnt.h(2496): note: see previous definition of 'STATUS_REG_NAT_CONSUMPTION'
c:\program files (x86)\windows kits\10\include\10.0.16299.0\shared\ntstatus.h(8595): warning C4005: 'STATUS_HEAP_CORRUPTION': macro redefinition
  c:\program files (x86)\windows kits\10\include\10.0.16299.0\um\winnt.h(2497): note: see previous definition of 'STATUS_HEAP_CORRUPTION'
c:\program files (x86)\windows kits\10\include\10.0.16299.0\shared\ntstatus.h(8823): warning C4005: 'STATUS_STACK_BUFFER_OVERRUN': macro redefinition
  c:\program files (x86)\windows kits\10\include\10.0.16299.0\um\winnt.h(2498): note: see previous definition of 'STATUS_STACK_BUFFER_OVERRUN'
c:\program files (x86)\windows kits\10\include\10.0.16299.0\shared\ntstatus.h(8950): warning C4005: 'STATUS_INVALID_CRUNTIME_PARAMETER': macro redefinition
  c:\program files (x86)\windows kits\10\include\10.0.16299.0\um\winnt.h(2499): note: see previous definition of 'STATUS_INVALID_CRUNTIME_PARAMETER'
c:\program files (x86)\windows kits\10\include\10.0.16299.0\shared\ntstatus.h(9013): warning C4005: 'STATUS_ASSERTION_FAILURE': macro redefinition
  c:\program files (x86)\windows kits\10\include\10.0.16299.0\um\winnt.h(2500): note: see previous definition of 'STATUS_ASSERTION_FAILURE'
c:\program files (x86)\windows kits\10\include\10.0.16299.0\shared\ntstatus.h(13879): warning C4005: 'STATUS_SXS_EARLY_DEACTIVATION': macro redefinition
  c:\program files (x86)\windows kits\10\include\10.0.16299.0\um\winnt.h(2502): note: see previous definition of 'STATUS_SXS_EARLY_DEACTIVATION'
c:\program files (x86)\windows kits\10\include\10.0.16299.0\shared\ntstatus.h(13888): warning C4005: 'STATUS_SXS_INVALID_DEACTIVATION': macro redefinition
  c:\program files (x86)\windows kits\10\include\10.0.16299.0\um\winnt.h(2503): note: see previous definition of 'STATUS_SXS_INVALID_DEACTIVATION'
d:\masterthesis\encrypter\encrypter\encrypter\encrypterhelpers.cpp(35): warning C4101: 'file_name': unreferenced local variable
d:\masterthesis\encrypter\encrypter\encrypter\encrypterhelpers.cpp(29): warning C4101: 'ofn': unreferenced local variable
d:\masterthesis\encrypter\encrypter\encrypter\encrypterhelpers.cpp(209): warning C4101: 'ofn': unreferenced local variable
  kitchensink.cpp
  MainHelpers.cpp
  Main.cpp
  common.cpp
  data.cpp
  data_handler.cpp
d:\masterthesis\encrypter\encrypter\encrypter\neuralcli\data_handler.cpp(88): warning C4018: '<': signed/unsigned mismatch
d:\masterthesis\encrypter\encrypter\encrypter\neuralcli\data_handler.cpp(93): warning C4018: '<': signed/unsigned mismatch
d:\masterthesis\encrypter\encrypter\encrypter\neuralcli\data_handler.cpp(161): warning C4244: 'initializing': conversion from 'double' to 'int', possible loss of data
d:\masterthesis\encrypter\encrypter\encrypter\neuralcli\data_handler.cpp(162): warning C4244: 'initializing': conversion from 'double' to 'int', possible loss of data
d:\masterthesis\encrypter\encrypter\encrypter\neuralcli\data_handler.cpp(163): warning C4244: 'initializing': conversion from 'double' to 'int', possible loss of data
d:\masterthesis\encrypter\encrypter\encrypter\neuralcli\data_handler.cpp(254): warning C4018: '<': signed/unsigned mismatch
d:\masterthesis\encrypter\encrypter\encrypter\neuralcli\data_handler.cpp(268): warning C4018: '<': signed/unsigned mismatch
  hidden_layer.cpp
d:\masterthesis\encrypter\encrypter\encrypter\neuralcli\hidden_layer.cpp(6): warning C4018: '<': signed/unsigned mismatch
d:\masterthesis\encrypter\encrypter\encrypter\neuralcli\hidden_layer.cpp(16): warning C4018: '<': signed/unsigned mismatch
d:\masterthesis\encrypter\encrypter\encrypter\neuralcli\hidden_layer.cpp(19): warning C4018: '<': signed/unsigned mismatch
d:\masterthesis\encrypter\encrypter\encrypter\neuralcli\hidden_layer.cpp(29): warning C4018: '<': signed/unsigned mismatch
d:\masterthesis\encrypter\encrypter\encrypter\neuralcli\hidden_layer.cpp(31): warning C4018: '<': signed/unsigned mismatch
  input_layer.cpp
  layer.cpp
  network.cpp
d:\masterthesis\encrypter\encrypter\encrypter\neuralcli\network.cpp(11): warning C4018: '<': signed/unsigned mismatch
d:\masterthesis\encrypter\encrypter\encrypter\neuralcli\network.cpp(33): warning C4018: '<': signed/unsigned mismatch
d:\masterthesis\encrypter\encrypter\encrypter\neuralcli\network.cpp(58): warning C4018: '<': signed/unsigned mismatch
d:\masterthesis\encrypter\encrypter\encrypter\neuralcli\network.cpp(79): warning C4018: '<': signed/unsigned mismatch
d:\masterthesis\encrypter\encrypter\encrypter\neuralcli\network.cpp(87): warning C4018: '<': signed/unsigned mismatch
d:\masterthesis\encrypter\encrypter\encrypter\neuralcli\network.cpp(113): warning C4018: '<': signed/unsigned mismatch
d:\masterthesis\encrypter\encrypter\encrypter\neuralcli\network.cpp(121): warning C4018: '<': signed/unsigned mismatch
  neuron.cpp
d:\masterthesis\encrypter\encrypter\encrypter\neuralcli\neuron.cpp(53): warning C4018: '<': signed/unsigned mismatch
  output_layer.cpp
d:\masterthesis\encrypter\encrypter\encrypter\neuralcli\output_layer.cpp(6): warning C4018: '<': signed/unsigned mismatch
d:\masterthesis\encrypter\encrypter\encrypter\neuralcli\output_layer.cpp(17): warning C4018: '<': signed/unsigned mismatch
d:\masterthesis\encrypter\encrypter\encrypter\neuralcli\output_layer.cpp(30): warning C4018: '<': signed/unsigned mismatch
d:\masterthesis\encrypter\encrypter\encrypter\neuralcli\output_layer.cpp(33): warning C4018: '<': signed/unsigned mismatch
d:\masterthesis\encrypter\encrypter\encrypter\neuralcli\output_layer.cpp(47): warning C4018: '<': signed/unsigned mismatch
  NNHelpers.cpp
d:\masterthesis\encrypter\encrypter\encrypter\nnhelpers.cpp(87): warning C4101: 'file_name': unreferenced local variable
d:\masterthesis\encrypter\encrypter\encrypter\nnhelpers.cpp(84): warning C4101: 'ofn': unreferenced local variable
  PrintConsole.cpp
  Generating Code...
d:\masterthesis\encrypter\encrypter\encrypter\encryptercli\encryptercli.cpp(952): warning C4715: 'Crypto::generateHash': not all control paths return a value
d:\masterthesis\encrypter\encrypter\encrypter\encryptercli\encryptercli.cpp(169): warning C4715: 'Crypto::generateAESKey': not all control paths return a value
  Encrypter.vcxproj -> D:\MasterThesis\Encrypter\Encrypter\Debug\Encrypter.exe
