d:\masterthesis\encrypter\encrypter\encrypter\debug\vc141.pdb
d:\masterthesis\encrypter\encrypter\encrypter\debug\vc141.idb
d:\masterthesis\encrypter\encrypter\encrypter\debug\user.obj
d:\masterthesis\encrypter\encrypter\encrypter\debug\source.obj
d:\masterthesis\encrypter\encrypter\encrypter\debug\sgx_nn.obj
d:\masterthesis\encrypter\encrypter\encrypter\debug\main.obj
d:\masterthesis\encrypter\encrypter\encrypter\debug\mainhelpers.obj
d:\masterthesis\encrypter\encrypter\encrypter\debug\kitchensink.obj
d:\masterthesis\encrypter\encrypter\encrypter\debug\encrypterhelpers.obj
d:\masterthesis\encrypter\encrypter\encrypter\debug\fileiohandler.obj
d:\masterthesis\encrypter\encrypter\encrypter\debug\encryptercli.obj
d:\masterthesis\encrypter\encrypter\encrypter\debug\drng.obj
d:\masterthesis\encrypter\encrypter\encrypter\debug\compress.obj
d:\masterthesis\encrypter\encrypter\encrypter\debug\client.obj
d:\masterthesis\encrypter\encrypter\encrypter\cryptoenclave_u.h
d:\masterthesis\encrypter\encrypter\encrypter\cryptoenclave_u.c
d:\masterthesis\encrypter\encrypter\encrypter\debug\encrypter.tlog\cl.command.1.tlog
d:\masterthesis\encrypter\encrypter\encrypter\debug\encrypter.tlog\cl.read.1.tlog
d:\masterthesis\encrypter\encrypter\encrypter\debug\encrypter.tlog\cl.write.1.tlog
d:\masterthesis\encrypter\encrypter\encrypter\debug\encrypter.tlog\custombuild.command.1.tlog
d:\masterthesis\encrypter\encrypter\encrypter\debug\encrypter.tlog\custombuild.read.1.tlog
d:\masterthesis\encrypter\encrypter\encrypter\debug\encrypter.tlog\custombuild.write.1.tlog
