  EncrypterCLI.cpp
c:\program files (x86)\windows kits\10\include\10.0.17763.0\shared\ntstatus.h(66): warning C4005: 'STATUS_WAIT_0': macro redefinition
  c:\program files (x86)\windows kits\10\include\10.0.17763.0\um\winnt.h(2450): note: see previous definition of 'STATUS_WAIT_0'
c:\program files (x86)\windows kits\10\include\10.0.17763.0\shared\ntstatus.h(220): warning C4005: 'STATUS_ABANDONED_WAIT_0': macro redefinition
  c:\program files (x86)\windows kits\10\include\10.0.17763.0\um\winnt.h(2451): note: see previous definition of 'STATUS_ABANDONED_WAIT_0'
c:\program files (x86)\windows kits\10\include\10.0.17763.0\shared\ntstatus.h(243): warning C4005: 'STATUS_USER_APC': macro redefinition
  c:\program files (x86)\windows kits\10\include\10.0.17763.0\um\winnt.h(2452): note: see previous definition of 'STATUS_USER_APC'
c:\program files (x86)\windows kits\10\include\10.0.17763.0\shared\ntstatus.h(279): warning C4005: 'STATUS_TIMEOUT': macro redefinition
  c:\program files (x86)\windows kits\10\include\10.0.17763.0\um\winnt.h(2453): note: see previous definition of 'STATUS_TIMEOUT'
c:\program files (x86)\windows kits\10\include\10.0.17763.0\shared\ntstatus.h(288): warning C4005: 'STATUS_PENDING': macro redefinition
  c:\program files (x86)\windows kits\10\include\10.0.17763.0\um\winnt.h(2454): note: see previous definition of 'STATUS_PENDING'
c:\program files (x86)\windows kits\10\include\10.0.17763.0\shared\ntstatus.h(735): warning C4005: 'DBG_EXCEPTION_HANDLED': macro redefinition
  c:\program files (x86)\windows kits\10\include\10.0.17763.0\um\winnt.h(2455): note: see previous definition of 'DBG_EXCEPTION_HANDLED'
c:\program files (x86)\windows kits\10\include\10.0.17763.0\shared\ntstatus.h(744): warning C4005: 'DBG_CONTINUE': macro redefinition
  c:\program files (x86)\windows kits\10\include\10.0.17763.0\um\winnt.h(2456): note: see previous definition of 'DBG_CONTINUE'
c:\program files (x86)\windows kits\10\include\10.0.17763.0\shared\ntstatus.h(819): warning C4005: 'STATUS_SEGMENT_NOTIFICATION': macro redefinition
  c:\program files (x86)\windows kits\10\include\10.0.17763.0\um\winnt.h(2457): note: see previous definition of 'STATUS_SEGMENT_NOTIFICATION'
c:\program files (x86)\windows kits\10\include\10.0.17763.0\shared\ntstatus.h(982): warning C4005: 'STATUS_FATAL_APP_EXIT': macro redefinition
  c:\program files (x86)\windows kits\10\include\10.0.17763.0\um\winnt.h(2458): note: see previous definition of 'STATUS_FATAL_APP_EXIT'
c:\program files (x86)\windows kits\10\include\10.0.17763.0\shared\ntstatus.h(1302): warning C4005: 'DBG_REPLY_LATER': macro redefinition
  c:\program files (x86)\windows kits\10\include\10.0.17763.0\um\winnt.h(2459): note: see previous definition of 'DBG_REPLY_LATER'
c:\program files (x86)\windows kits\10\include\10.0.17763.0\shared\ntstatus.h(1320): warning C4005: 'DBG_TERMINATE_THREAD': macro redefinition
  c:\program files (x86)\windows kits\10\include\10.0.17763.0\um\winnt.h(2460): note: see previous definition of 'DBG_TERMINATE_THREAD'
c:\program files (x86)\windows kits\10\include\10.0.17763.0\shared\ntstatus.h(1329): warning C4005: 'DBG_TERMINATE_PROCESS': macro redefinition
  c:\program files (x86)\windows kits\10\include\10.0.17763.0\um\winnt.h(2461): note: see previous definition of 'DBG_TERMINATE_PROCESS'
c:\program files (x86)\windows kits\10\include\10.0.17763.0\shared\ntstatus.h(1338): warning C4005: 'DBG_CONTROL_C': macro redefinition
  c:\program files (x86)\windows kits\10\include\10.0.17763.0\um\winnt.h(2462): note: see previous definition of 'DBG_CONTROL_C'
c:\program files (x86)\windows kits\10\include\10.0.17763.0\shared\ntstatus.h(1347): warning C4005: 'DBG_PRINTEXCEPTION_C': macro redefinition
  c:\program files (x86)\windows kits\10\include\10.0.17763.0\um\winnt.h(2463): note: see previous definition of 'DBG_PRINTEXCEPTION_C'
c:\program files (x86)\windows kits\10\include\10.0.17763.0\shared\ntstatus.h(1356): warning C4005: 'DBG_RIPEXCEPTION': macro redefinition
  c:\program files (x86)\windows kits\10\include\10.0.17763.0\um\winnt.h(2464): note: see previous definition of 'DBG_RIPEXCEPTION'
c:\program files (x86)\windows kits\10\include\10.0.17763.0\shared\ntstatus.h(1365): warning C4005: 'DBG_CONTROL_BREAK': macro redefinition
  c:\program files (x86)\windows kits\10\include\10.0.17763.0\um\winnt.h(2465): note: see previous definition of 'DBG_CONTROL_BREAK'
c:\program files (x86)\windows kits\10\include\10.0.17763.0\shared\ntstatus.h(1374): warning C4005: 'DBG_COMMAND_EXCEPTION': macro redefinition
  c:\program files (x86)\windows kits\10\include\10.0.17763.0\um\winnt.h(2466): note: see previous definition of 'DBG_COMMAND_EXCEPTION'
c:\program files (x86)\windows kits\10\include\10.0.17763.0\shared\ntstatus.h(1383): warning C4005: 'DBG_PRINTEXCEPTION_WIDE_C': macro redefinition
  c:\program files (x86)\windows kits\10\include\10.0.17763.0\um\winnt.h(2467): note: see previous definition of 'DBG_PRINTEXCEPTION_WIDE_C'
c:\program files (x86)\windows kits\10\include\10.0.17763.0\shared\ntstatus.h(1415): warning C4005: 'STATUS_GUARD_PAGE_VIOLATION': macro redefinition
  c:\program files (x86)\windows kits\10\include\10.0.17763.0\um\winnt.h(2468): note: see previous definition of 'STATUS_GUARD_PAGE_VIOLATION'
c:\program files (x86)\windows kits\10\include\10.0.17763.0\shared\ntstatus.h(1426): warning C4005: 'STATUS_DATATYPE_MISALIGNMENT': macro redefinition
  c:\program files (x86)\windows kits\10\include\10.0.17763.0\um\winnt.h(2469): note: see previous definition of 'STATUS_DATATYPE_MISALIGNMENT'
c:\program files (x86)\windows kits\10\include\10.0.17763.0\shared\ntstatus.h(1437): warning C4005: 'STATUS_BREAKPOINT': macro redefinition
  c:\program files (x86)\windows kits\10\include\10.0.17763.0\um\winnt.h(2470): note: see previous definition of 'STATUS_BREAKPOINT'
c:\program files (x86)\windows kits\10\include\10.0.17763.0\shared\ntstatus.h(1448): warning C4005: 'STATUS_SINGLE_STEP': macro redefinition
  c:\program files (x86)\windows kits\10\include\10.0.17763.0\um\winnt.h(2471): note: see previous definition of 'STATUS_SINGLE_STEP'
c:\program files (x86)\windows kits\10\include\10.0.17763.0\shared\ntstatus.h(1751): warning C4005: 'STATUS_LONGJUMP': macro redefinition
  c:\program files (x86)\windows kits\10\include\10.0.17763.0\um\winnt.h(2472): note: see previous definition of 'STATUS_LONGJUMP'
c:\program files (x86)\windows kits\10\include\10.0.17763.0\shared\ntstatus.h(1778): warning C4005: 'STATUS_UNWIND_CONSOLIDATE': macro redefinition
  c:\program files (x86)\windows kits\10\include\10.0.17763.0\um\winnt.h(2473): note: see previous definition of 'STATUS_UNWIND_CONSOLIDATE'
c:\program files (x86)\windows kits\10\include\10.0.17763.0\shared\ntstatus.h(1873): warning C4005: 'DBG_EXCEPTION_NOT_HANDLED': macro redefinition
  c:\program files (x86)\windows kits\10\include\10.0.17763.0\um\winnt.h(2474): note: see previous definition of 'DBG_EXCEPTION_NOT_HANDLED'
c:\program files (x86)\windows kits\10\include\10.0.17763.0\shared\ntstatus.h(2019): warning C4005: 'STATUS_ACCESS_VIOLATION': macro redefinition
  c:\program files (x86)\windows kits\10\include\10.0.17763.0\um\winnt.h(2475): note: see previous definition of 'STATUS_ACCESS_VIOLATION'
c:\program files (x86)\windows kits\10\include\10.0.17763.0\shared\ntstatus.h(2028): warning C4005: 'STATUS_IN_PAGE_ERROR': macro redefinition
  c:\program files (x86)\windows kits\10\include\10.0.17763.0\um\winnt.h(2476): note: see previous definition of 'STATUS_IN_PAGE_ERROR'
c:\program files (x86)\windows kits\10\include\10.0.17763.0\shared\ntstatus.h(2046): warning C4005: 'STATUS_INVALID_HANDLE': macro redefinition
  c:\program files (x86)\windows kits\10\include\10.0.17763.0\um\winnt.h(2477): note: see previous definition of 'STATUS_INVALID_HANDLE'
c:\program files (x86)\windows kits\10\include\10.0.17763.0\shared\ntstatus.h(2091): warning C4005: 'STATUS_INVALID_PARAMETER': macro redefinition
  c:\program files (x86)\windows kits\10\include\10.0.17763.0\um\winnt.h(2478): note: see previous definition of 'STATUS_INVALID_PARAMETER'
c:\program files (x86)\windows kits\10\include\10.0.17763.0\shared\ntstatus.h(2191): warning C4005: 'STATUS_NO_MEMORY': macro redefinition
  c:\program files (x86)\windows kits\10\include\10.0.17763.0\um\winnt.h(2479): note: see previous definition of 'STATUS_NO_MEMORY'
c:\program files (x86)\windows kits\10\include\10.0.17763.0\shared\ntstatus.h(2248): warning C4005: 'STATUS_ILLEGAL_INSTRUCTION': macro redefinition
  c:\program files (x86)\windows kits\10\include\10.0.17763.0\um\winnt.h(2480): note: see previous definition of 'STATUS_ILLEGAL_INSTRUCTION'
c:\program files (x86)\windows kits\10\include\10.0.17763.0\shared\ntstatus.h(2329): warning C4005: 'STATUS_NONCONTINUABLE_EXCEPTION': macro redefinition
  c:\program files (x86)\windows kits\10\include\10.0.17763.0\um\winnt.h(2481): note: see previous definition of 'STATUS_NONCONTINUABLE_EXCEPTION'
c:\program files (x86)\windows kits\10\include\10.0.17763.0\shared\ntstatus.h(2338): warning C4005: 'STATUS_INVALID_DISPOSITION': macro redefinition
  c:\program files (x86)\windows kits\10\include\10.0.17763.0\um\winnt.h(2482): note: see previous definition of 'STATUS_INVALID_DISPOSITION'
c:\program files (x86)\windows kits\10\include\10.0.17763.0\shared\ntstatus.h(3271): warning C4005: 'STATUS_ARRAY_BOUNDS_EXCEEDED': macro redefinition
  c:\program files (x86)\windows kits\10\include\10.0.17763.0\um\winnt.h(2483): note: see previous definition of 'STATUS_ARRAY_BOUNDS_EXCEEDED'
c:\program files (x86)\windows kits\10\include\10.0.17763.0\shared\ntstatus.h(3281): warning C4005: 'STATUS_FLOAT_DENORMAL_OPERAND': macro redefinition
  c:\program files (x86)\windows kits\10\include\10.0.17763.0\um\winnt.h(2484): note: see previous definition of 'STATUS_FLOAT_DENORMAL_OPERAND'
c:\program files (x86)\windows kits\10\include\10.0.17763.0\shared\ntstatus.h(3291): warning C4005: 'STATUS_FLOAT_DIVIDE_BY_ZERO': macro redefinition
  c:\program files (x86)\windows kits\10\include\10.0.17763.0\um\winnt.h(2485): note: see previous definition of 'STATUS_FLOAT_DIVIDE_BY_ZERO'
c:\program files (x86)\windows kits\10\include\10.0.17763.0\shared\ntstatus.h(3301): warning C4005: 'STATUS_FLOAT_INEXACT_RESULT': macro redefinition
  c:\program files (x86)\windows kits\10\include\10.0.17763.0\um\winnt.h(2486): note: see previous definition of 'STATUS_FLOAT_INEXACT_RESULT'
c:\program files (x86)\windows kits\10\include\10.0.17763.0\shared\ntstatus.h(3311): warning C4005: 'STATUS_FLOAT_INVALID_OPERATION': macro redefinition
  c:\program files (x86)\windows kits\10\include\10.0.17763.0\um\winnt.h(2487): note: see previous definition of 'STATUS_FLOAT_INVALID_OPERATION'
c:\program files (x86)\windows kits\10\include\10.0.17763.0\shared\ntstatus.h(3321): warning C4005: 'STATUS_FLOAT_OVERFLOW': macro redefinition
  c:\program files (x86)\windows kits\10\include\10.0.17763.0\um\winnt.h(2488): note: see previous definition of 'STATUS_FLOAT_OVERFLOW'
c:\program files (x86)\windows kits\10\include\10.0.17763.0\shared\ntstatus.h(3331): warning C4005: 'STATUS_FLOAT_STACK_CHECK': macro redefinition
  c:\program files (x86)\windows kits\10\include\10.0.17763.0\um\winnt.h(2489): note: see previous definition of 'STATUS_FLOAT_STACK_CHECK'
c:\program files (x86)\windows kits\10\include\10.0.17763.0\shared\ntstatus.h(3341): warning C4005: 'STATUS_FLOAT_UNDERFLOW': macro redefinition
  c:\program files (x86)\windows kits\10\include\10.0.17763.0\um\winnt.h(2490): note: see previous definition of 'STATUS_FLOAT_UNDERFLOW'
c:\program files (x86)\windows kits\10\include\10.0.17763.0\shared\ntstatus.h(3351): warning C4005: 'STATUS_INTEGER_DIVIDE_BY_ZERO': macro redefinition
  c:\program files (x86)\windows kits\10\include\10.0.17763.0\um\winnt.h(2491): note: see previous definition of 'STATUS_INTEGER_DIVIDE_BY_ZERO'
c:\program files (x86)\windows kits\10\include\10.0.17763.0\shared\ntstatus.h(3361): warning C4005: 'STATUS_INTEGER_OVERFLOW': macro redefinition
  c:\program files (x86)\windows kits\10\include\10.0.17763.0\um\winnt.h(2492): note: see previous definition of 'STATUS_INTEGER_OVERFLOW'
c:\program files (x86)\windows kits\10\include\10.0.17763.0\shared\ntstatus.h(3371): warning C4005: 'STATUS_PRIVILEGED_INSTRUCTION': macro redefinition
  c:\program files (x86)\windows kits\10\include\10.0.17763.0\um\winnt.h(2493): note: see previous definition of 'STATUS_PRIVILEGED_INSTRUCTION'
c:\program files (x86)\windows kits\10\include\10.0.17763.0\shared\ntstatus.h(4317): warning C4005: 'STATUS_STACK_OVERFLOW': macro redefinition
  c:\program files (x86)\windows kits\10\include\10.0.17763.0\um\winnt.h(2494): note: see previous definition of 'STATUS_STACK_OVERFLOW'
c:\program files (x86)\windows kits\10\include\10.0.17763.0\shared\ntstatus.h(4834): warning C4005: 'STATUS_DLL_NOT_FOUND': macro redefinition
  c:\program files (x86)\windows kits\10\include\10.0.17763.0\um\winnt.h(2495): note: see previous definition of 'STATUS_DLL_NOT_FOUND'
c:\program files (x86)\windows kits\10\include\10.0.17763.0\shared\ntstatus.h(4863): warning C4005: 'STATUS_ORDINAL_NOT_FOUND': macro redefinition
  c:\program files (x86)\windows kits\10\include\10.0.17763.0\um\winnt.h(2496): note: see previous definition of 'STATUS_ORDINAL_NOT_FOUND'
c:\program files (x86)\windows kits\10\include\10.0.17763.0\shared\ntstatus.h(4873): warning C4005: 'STATUS_ENTRYPOINT_NOT_FOUND': macro redefinition
  c:\program files (x86)\windows kits\10\include\10.0.17763.0\um\winnt.h(2497): note: see previous definition of 'STATUS_ENTRYPOINT_NOT_FOUND'
c:\program files (x86)\windows kits\10\include\10.0.17763.0\shared\ntstatus.h(4883): warning C4005: 'STATUS_CONTROL_C_EXIT': macro redefinition
  c:\program files (x86)\windows kits\10\include\10.0.17763.0\um\winnt.h(2498): note: see previous definition of 'STATUS_CONTROL_C_EXIT'
c:\program files (x86)\windows kits\10\include\10.0.17763.0\shared\ntstatus.h(4961): warning C4005: 'STATUS_DLL_INIT_FAILED': macro redefinition
  c:\program files (x86)\windows kits\10\include\10.0.17763.0\um\winnt.h(2499): note: see previous definition of 'STATUS_DLL_INIT_FAILED'
c:\program files (x86)\windows kits\10\include\10.0.17763.0\shared\ntstatus.h(7498): warning C4005: 'STATUS_FLOAT_MULTIPLE_FAULTS': macro redefinition
  c:\program files (x86)\windows kits\10\include\10.0.17763.0\um\winnt.h(2500): note: see previous definition of 'STATUS_FLOAT_MULTIPLE_FAULTS'
c:\program files (x86)\windows kits\10\include\10.0.17763.0\shared\ntstatus.h(7508): warning C4005: 'STATUS_FLOAT_MULTIPLE_TRAPS': macro redefinition
  c:\program files (x86)\windows kits\10\include\10.0.17763.0\um\winnt.h(2501): note: see previous definition of 'STATUS_FLOAT_MULTIPLE_TRAPS'
c:\program files (x86)\windows kits\10\include\10.0.17763.0\shared\ntstatus.h(7640): warning C4005: 'STATUS_REG_NAT_CONSUMPTION': macro redefinition
  c:\program files (x86)\windows kits\10\include\10.0.17763.0\um\winnt.h(2502): note: see previous definition of 'STATUS_REG_NAT_CONSUMPTION'
c:\program files (x86)\windows kits\10\include\10.0.17763.0\shared\ntstatus.h(8623): warning C4005: 'STATUS_HEAP_CORRUPTION': macro redefinition
  c:\program files (x86)\windows kits\10\include\10.0.17763.0\um\winnt.h(2503): note: see previous definition of 'STATUS_HEAP_CORRUPTION'
c:\program files (x86)\windows kits\10\include\10.0.17763.0\shared\ntstatus.h(8851): warning C4005: 'STATUS_STACK_BUFFER_OVERRUN': macro redefinition
  c:\program files (x86)\windows kits\10\include\10.0.17763.0\um\winnt.h(2504): note: see previous definition of 'STATUS_STACK_BUFFER_OVERRUN'
c:\program files (x86)\windows kits\10\include\10.0.17763.0\shared\ntstatus.h(8978): warning C4005: 'STATUS_INVALID_CRUNTIME_PARAMETER': macro redefinition
  c:\program files (x86)\windows kits\10\include\10.0.17763.0\um\winnt.h(2505): note: see previous definition of 'STATUS_INVALID_CRUNTIME_PARAMETER'
c:\program files (x86)\windows kits\10\include\10.0.17763.0\shared\ntstatus.h(9041): warning C4005: 'STATUS_ASSERTION_FAILURE': macro redefinition
  c:\program files (x86)\windows kits\10\include\10.0.17763.0\um\winnt.h(2506): note: see previous definition of 'STATUS_ASSERTION_FAILURE'
c:\program files (x86)\windows kits\10\include\10.0.17763.0\shared\ntstatus.h(9959): warning C4005: 'STATUS_ENCLAVE_VIOLATION': macro redefinition
  c:\program files (x86)\windows kits\10\include\10.0.17763.0\um\winnt.h(2507): note: see previous definition of 'STATUS_ENCLAVE_VIOLATION'
c:\program files (x86)\windows kits\10\include\10.0.17763.0\shared\ntstatus.h(14123): warning C4005: 'STATUS_SXS_EARLY_DEACTIVATION': macro redefinition
  c:\program files (x86)\windows kits\10\include\10.0.17763.0\um\winnt.h(2509): note: see previous definition of 'STATUS_SXS_EARLY_DEACTIVATION'
c:\program files (x86)\windows kits\10\include\10.0.17763.0\shared\ntstatus.h(14132): warning C4005: 'STATUS_SXS_INVALID_DEACTIVATION': macro redefinition
  c:\program files (x86)\windows kits\10\include\10.0.17763.0\um\winnt.h(2510): note: see previous definition of 'STATUS_SXS_INVALID_DEACTIVATION'
  kitchensink.cpp
  ReadFile.cpp
c:\program files (x86)\windows kits\10\include\10.0.17763.0\shared\ntstatus.h(66): warning C4005: 'STATUS_WAIT_0': macro redefinition
  c:\program files (x86)\windows kits\10\include\10.0.17763.0\um\winnt.h(2450): note: see previous definition of 'STATUS_WAIT_0'
c:\program files (x86)\windows kits\10\include\10.0.17763.0\shared\ntstatus.h(220): warning C4005: 'STATUS_ABANDONED_WAIT_0': macro redefinition
  c:\program files (x86)\windows kits\10\include\10.0.17763.0\um\winnt.h(2451): note: see previous definition of 'STATUS_ABANDONED_WAIT_0'
c:\program files (x86)\windows kits\10\include\10.0.17763.0\shared\ntstatus.h(243): warning C4005: 'STATUS_USER_APC': macro redefinition
  c:\program files (x86)\windows kits\10\include\10.0.17763.0\um\winnt.h(2452): note: see previous definition of 'STATUS_USER_APC'
c:\program files (x86)\windows kits\10\include\10.0.17763.0\shared\ntstatus.h(279): warning C4005: 'STATUS_TIMEOUT': macro redefinition
  c:\program files (x86)\windows kits\10\include\10.0.17763.0\um\winnt.h(2453): note: see previous definition of 'STATUS_TIMEOUT'
c:\program files (x86)\windows kits\10\include\10.0.17763.0\shared\ntstatus.h(288): warning C4005: 'STATUS_PENDING': macro redefinition
  c:\program files (x86)\windows kits\10\include\10.0.17763.0\um\winnt.h(2454): note: see previous definition of 'STATUS_PENDING'
c:\program files (x86)\windows kits\10\include\10.0.17763.0\shared\ntstatus.h(735): warning C4005: 'DBG_EXCEPTION_HANDLED': macro redefinition
  c:\program files (x86)\windows kits\10\include\10.0.17763.0\um\winnt.h(2455): note: see previous definition of 'DBG_EXCEPTION_HANDLED'
c:\program files (x86)\windows kits\10\include\10.0.17763.0\shared\ntstatus.h(744): warning C4005: 'DBG_CONTINUE': macro redefinition
  c:\program files (x86)\windows kits\10\include\10.0.17763.0\um\winnt.h(2456): note: see previous definition of 'DBG_CONTINUE'
c:\program files (x86)\windows kits\10\include\10.0.17763.0\shared\ntstatus.h(819): warning C4005: 'STATUS_SEGMENT_NOTIFICATION': macro redefinition
  c:\program files (x86)\windows kits\10\include\10.0.17763.0\um\winnt.h(2457): note: see previous definition of 'STATUS_SEGMENT_NOTIFICATION'
c:\program files (x86)\windows kits\10\include\10.0.17763.0\shared\ntstatus.h(982): warning C4005: 'STATUS_FATAL_APP_EXIT': macro redefinition
  c:\program files (x86)\windows kits\10\include\10.0.17763.0\um\winnt.h(2458): note: see previous definition of 'STATUS_FATAL_APP_EXIT'
c:\program files (x86)\windows kits\10\include\10.0.17763.0\shared\ntstatus.h(1302): warning C4005: 'DBG_REPLY_LATER': macro redefinition
  c:\program files (x86)\windows kits\10\include\10.0.17763.0\um\winnt.h(2459): note: see previous definition of 'DBG_REPLY_LATER'
c:\program files (x86)\windows kits\10\include\10.0.17763.0\shared\ntstatus.h(1320): warning C4005: 'DBG_TERMINATE_THREAD': macro redefinition
  c:\program files (x86)\windows kits\10\include\10.0.17763.0\um\winnt.h(2460): note: see previous definition of 'DBG_TERMINATE_THREAD'
c:\program files (x86)\windows kits\10\include\10.0.17763.0\shared\ntstatus.h(1329): warning C4005: 'DBG_TERMINATE_PROCESS': macro redefinition
  c:\program files (x86)\windows kits\10\include\10.0.17763.0\um\winnt.h(2461): note: see previous definition of 'DBG_TERMINATE_PROCESS'
c:\program files (x86)\windows kits\10\include\10.0.17763.0\shared\ntstatus.h(1338): warning C4005: 'DBG_CONTROL_C': macro redefinition
  c:\program files (x86)\windows kits\10\include\10.0.17763.0\um\winnt.h(2462): note: see previous definition of 'DBG_CONTROL_C'
c:\program files (x86)\windows kits\10\include\10.0.17763.0\shared\ntstatus.h(1347): warning C4005: 'DBG_PRINTEXCEPTION_C': macro redefinition
  c:\program files (x86)\windows kits\10\include\10.0.17763.0\um\winnt.h(2463): note: see previous definition of 'DBG_PRINTEXCEPTION_C'
c:\program files (x86)\windows kits\10\include\10.0.17763.0\shared\ntstatus.h(1356): warning C4005: 'DBG_RIPEXCEPTION': macro redefinition
  c:\program files (x86)\windows kits\10\include\10.0.17763.0\um\winnt.h(2464): note: see previous definition of 'DBG_RIPEXCEPTION'
c:\program files (x86)\windows kits\10\include\10.0.17763.0\shared\ntstatus.h(1365): warning C4005: 'DBG_CONTROL_BREAK': macro redefinition
  c:\program files (x86)\windows kits\10\include\10.0.17763.0\um\winnt.h(2465): note: see previous definition of 'DBG_CONTROL_BREAK'
c:\program files (x86)\windows kits\10\include\10.0.17763.0\shared\ntstatus.h(1374): warning C4005: 'DBG_COMMAND_EXCEPTION': macro redefinition
  c:\program files (x86)\windows kits\10\include\10.0.17763.0\um\winnt.h(2466): note: see previous definition of 'DBG_COMMAND_EXCEPTION'
c:\program files (x86)\windows kits\10\include\10.0.17763.0\shared\ntstatus.h(1383): warning C4005: 'DBG_PRINTEXCEPTION_WIDE_C': macro redefinition
  c:\program files (x86)\windows kits\10\include\10.0.17763.0\um\winnt.h(2467): note: see previous definition of 'DBG_PRINTEXCEPTION_WIDE_C'
c:\program files (x86)\windows kits\10\include\10.0.17763.0\shared\ntstatus.h(1415): warning C4005: 'STATUS_GUARD_PAGE_VIOLATION': macro redefinition
  c:\program files (x86)\windows kits\10\include\10.0.17763.0\um\winnt.h(2468): note: see previous definition of 'STATUS_GUARD_PAGE_VIOLATION'
c:\program files (x86)\windows kits\10\include\10.0.17763.0\shared\ntstatus.h(1426): warning C4005: 'STATUS_DATATYPE_MISALIGNMENT': macro redefinition
  c:\program files (x86)\windows kits\10\include\10.0.17763.0\um\winnt.h(2469): note: see previous definition of 'STATUS_DATATYPE_MISALIGNMENT'
c:\program files (x86)\windows kits\10\include\10.0.17763.0\shared\ntstatus.h(1437): warning C4005: 'STATUS_BREAKPOINT': macro redefinition
  c:\program files (x86)\windows kits\10\include\10.0.17763.0\um\winnt.h(2470): note: see previous definition of 'STATUS_BREAKPOINT'
c:\program files (x86)\windows kits\10\include\10.0.17763.0\shared\ntstatus.h(1448): warning C4005: 'STATUS_SINGLE_STEP': macro redefinition
  c:\program files (x86)\windows kits\10\include\10.0.17763.0\um\winnt.h(2471): note: see previous definition of 'STATUS_SINGLE_STEP'
c:\program files (x86)\windows kits\10\include\10.0.17763.0\shared\ntstatus.h(1751): warning C4005: 'STATUS_LONGJUMP': macro redefinition
  c:\program files (x86)\windows kits\10\include\10.0.17763.0\um\winnt.h(2472): note: see previous definition of 'STATUS_LONGJUMP'
c:\program files (x86)\windows kits\10\include\10.0.17763.0\shared\ntstatus.h(1778): warning C4005: 'STATUS_UNWIND_CONSOLIDATE': macro redefinition
  c:\program files (x86)\windows kits\10\include\10.0.17763.0\um\winnt.h(2473): note: see previous definition of 'STATUS_UNWIND_CONSOLIDATE'
c:\program files (x86)\windows kits\10\include\10.0.17763.0\shared\ntstatus.h(1873): warning C4005: 'DBG_EXCEPTION_NOT_HANDLED': macro redefinition
  c:\program files (x86)\windows kits\10\include\10.0.17763.0\um\winnt.h(2474): note: see previous definition of 'DBG_EXCEPTION_NOT_HANDLED'
c:\program files (x86)\windows kits\10\include\10.0.17763.0\shared\ntstatus.h(2019): warning C4005: 'STATUS_ACCESS_VIOLATION': macro redefinition
  c:\program files (x86)\windows kits\10\include\10.0.17763.0\um\winnt.h(2475): note: see previous definition of 'STATUS_ACCESS_VIOLATION'
c:\program files (x86)\windows kits\10\include\10.0.17763.0\shared\ntstatus.h(2028): warning C4005: 'STATUS_IN_PAGE_ERROR': macro redefinition
  c:\program files (x86)\windows kits\10\include\10.0.17763.0\um\winnt.h(2476): note: see previous definition of 'STATUS_IN_PAGE_ERROR'
c:\program files (x86)\windows kits\10\include\10.0.17763.0\shared\ntstatus.h(2046): warning C4005: 'STATUS_INVALID_HANDLE': macro redefinition
  c:\program files (x86)\windows kits\10\include\10.0.17763.0\um\winnt.h(2477): note: see previous definition of 'STATUS_INVALID_HANDLE'
c:\program files (x86)\windows kits\10\include\10.0.17763.0\shared\ntstatus.h(2091): warning C4005: 'STATUS_INVALID_PARAMETER': macro redefinition
  c:\program files (x86)\windows kits\10\include\10.0.17763.0\um\winnt.h(2478): note: see previous definition of 'STATUS_INVALID_PARAMETER'
c:\program files (x86)\windows kits\10\include\10.0.17763.0\shared\ntstatus.h(2191): warning C4005: 'STATUS_NO_MEMORY': macro redefinition
  c:\program files (x86)\windows kits\10\include\10.0.17763.0\um\winnt.h(2479): note: see previous definition of 'STATUS_NO_MEMORY'
c:\program files (x86)\windows kits\10\include\10.0.17763.0\shared\ntstatus.h(2248): warning C4005: 'STATUS_ILLEGAL_INSTRUCTION': macro redefinition
  c:\program files (x86)\windows kits\10\include\10.0.17763.0\um\winnt.h(2480): note: see previous definition of 'STATUS_ILLEGAL_INSTRUCTION'
c:\program files (x86)\windows kits\10\include\10.0.17763.0\shared\ntstatus.h(2329): warning C4005: 'STATUS_NONCONTINUABLE_EXCEPTION': macro redefinition
  c:\program files (x86)\windows kits\10\include\10.0.17763.0\um\winnt.h(2481): note: see previous definition of 'STATUS_NONCONTINUABLE_EXCEPTION'
c:\program files (x86)\windows kits\10\include\10.0.17763.0\shared\ntstatus.h(2338): warning C4005: 'STATUS_INVALID_DISPOSITION': macro redefinition
  c:\program files (x86)\windows kits\10\include\10.0.17763.0\um\winnt.h(2482): note: see previous definition of 'STATUS_INVALID_DISPOSITION'
c:\program files (x86)\windows kits\10\include\10.0.17763.0\shared\ntstatus.h(3271): warning C4005: 'STATUS_ARRAY_BOUNDS_EXCEEDED': macro redefinition
  c:\program files (x86)\windows kits\10\include\10.0.17763.0\um\winnt.h(2483): note: see previous definition of 'STATUS_ARRAY_BOUNDS_EXCEEDED'
c:\program files (x86)\windows kits\10\include\10.0.17763.0\shared\ntstatus.h(3281): warning C4005: 'STATUS_FLOAT_DENORMAL_OPERAND': macro redefinition
  c:\program files (x86)\windows kits\10\include\10.0.17763.0\um\winnt.h(2484): note: see previous definition of 'STATUS_FLOAT_DENORMAL_OPERAND'
c:\program files (x86)\windows kits\10\include\10.0.17763.0\shared\ntstatus.h(3291): warning C4005: 'STATUS_FLOAT_DIVIDE_BY_ZERO': macro redefinition
  c:\program files (x86)\windows kits\10\include\10.0.17763.0\um\winnt.h(2485): note: see previous definition of 'STATUS_FLOAT_DIVIDE_BY_ZERO'
c:\program files (x86)\windows kits\10\include\10.0.17763.0\shared\ntstatus.h(3301): warning C4005: 'STATUS_FLOAT_INEXACT_RESULT': macro redefinition
  c:\program files (x86)\windows kits\10\include\10.0.17763.0\um\winnt.h(2486): note: see previous definition of 'STATUS_FLOAT_INEXACT_RESULT'
c:\program files (x86)\windows kits\10\include\10.0.17763.0\shared\ntstatus.h(3311): warning C4005: 'STATUS_FLOAT_INVALID_OPERATION': macro redefinition
  c:\program files (x86)\windows kits\10\include\10.0.17763.0\um\winnt.h(2487): note: see previous definition of 'STATUS_FLOAT_INVALID_OPERATION'
c:\program files (x86)\windows kits\10\include\10.0.17763.0\shared\ntstatus.h(3321): warning C4005: 'STATUS_FLOAT_OVERFLOW': macro redefinition
  c:\program files (x86)\windows kits\10\include\10.0.17763.0\um\winnt.h(2488): note: see previous definition of 'STATUS_FLOAT_OVERFLOW'
c:\program files (x86)\windows kits\10\include\10.0.17763.0\shared\ntstatus.h(3331): warning C4005: 'STATUS_FLOAT_STACK_CHECK': macro redefinition
  c:\program files (x86)\windows kits\10\include\10.0.17763.0\um\winnt.h(2489): note: see previous definition of 'STATUS_FLOAT_STACK_CHECK'
c:\program files (x86)\windows kits\10\include\10.0.17763.0\shared\ntstatus.h(3341): warning C4005: 'STATUS_FLOAT_UNDERFLOW': macro redefinition
  c:\program files (x86)\windows kits\10\include\10.0.17763.0\um\winnt.h(2490): note: see previous definition of 'STATUS_FLOAT_UNDERFLOW'
c:\program files (x86)\windows kits\10\include\10.0.17763.0\shared\ntstatus.h(3351): warning C4005: 'STATUS_INTEGER_DIVIDE_BY_ZERO': macro redefinition
  c:\program files (x86)\windows kits\10\include\10.0.17763.0\um\winnt.h(2491): note: see previous definition of 'STATUS_INTEGER_DIVIDE_BY_ZERO'
c:\program files (x86)\windows kits\10\include\10.0.17763.0\shared\ntstatus.h(3361): warning C4005: 'STATUS_INTEGER_OVERFLOW': macro redefinition
  c:\program files (x86)\windows kits\10\include\10.0.17763.0\um\winnt.h(2492): note: see previous definition of 'STATUS_INTEGER_OVERFLOW'
c:\program files (x86)\windows kits\10\include\10.0.17763.0\shared\ntstatus.h(3371): warning C4005: 'STATUS_PRIVILEGED_INSTRUCTION': macro redefinition
  c:\program files (x86)\windows kits\10\include\10.0.17763.0\um\winnt.h(2493): note: see previous definition of 'STATUS_PRIVILEGED_INSTRUCTION'
c:\program files (x86)\windows kits\10\include\10.0.17763.0\shared\ntstatus.h(4317): warning C4005: 'STATUS_STACK_OVERFLOW': macro redefinition
  c:\program files (x86)\windows kits\10\include\10.0.17763.0\um\winnt.h(2494): note: see previous definition of 'STATUS_STACK_OVERFLOW'
c:\program files (x86)\windows kits\10\include\10.0.17763.0\shared\ntstatus.h(4834): warning C4005: 'STATUS_DLL_NOT_FOUND': macro redefinition
  c:\program files (x86)\windows kits\10\include\10.0.17763.0\um\winnt.h(2495): note: see previous definition of 'STATUS_DLL_NOT_FOUND'
c:\program files (x86)\windows kits\10\include\10.0.17763.0\shared\ntstatus.h(4863): warning C4005: 'STATUS_ORDINAL_NOT_FOUND': macro redefinition
  c:\program files (x86)\windows kits\10\include\10.0.17763.0\um\winnt.h(2496): note: see previous definition of 'STATUS_ORDINAL_NOT_FOUND'
c:\program files (x86)\windows kits\10\include\10.0.17763.0\shared\ntstatus.h(4873): warning C4005: 'STATUS_ENTRYPOINT_NOT_FOUND': macro redefinition
  c:\program files (x86)\windows kits\10\include\10.0.17763.0\um\winnt.h(2497): note: see previous definition of 'STATUS_ENTRYPOINT_NOT_FOUND'
c:\program files (x86)\windows kits\10\include\10.0.17763.0\shared\ntstatus.h(4883): warning C4005: 'STATUS_CONTROL_C_EXIT': macro redefinition
  c:\program files (x86)\windows kits\10\include\10.0.17763.0\um\winnt.h(2498): note: see previous definition of 'STATUS_CONTROL_C_EXIT'
c:\program files (x86)\windows kits\10\include\10.0.17763.0\shared\ntstatus.h(4961): warning C4005: 'STATUS_DLL_INIT_FAILED': macro redefinition
  c:\program files (x86)\windows kits\10\include\10.0.17763.0\um\winnt.h(2499): note: see previous definition of 'STATUS_DLL_INIT_FAILED'
c:\program files (x86)\windows kits\10\include\10.0.17763.0\shared\ntstatus.h(7498): warning C4005: 'STATUS_FLOAT_MULTIPLE_FAULTS': macro redefinition
  c:\program files (x86)\windows kits\10\include\10.0.17763.0\um\winnt.h(2500): note: see previous definition of 'STATUS_FLOAT_MULTIPLE_FAULTS'
c:\program files (x86)\windows kits\10\include\10.0.17763.0\shared\ntstatus.h(7508): warning C4005: 'STATUS_FLOAT_MULTIPLE_TRAPS': macro redefinition
  c:\program files (x86)\windows kits\10\include\10.0.17763.0\um\winnt.h(2501): note: see previous definition of 'STATUS_FLOAT_MULTIPLE_TRAPS'
c:\program files (x86)\windows kits\10\include\10.0.17763.0\shared\ntstatus.h(7640): warning C4005: 'STATUS_REG_NAT_CONSUMPTION': macro redefinition
  c:\program files (x86)\windows kits\10\include\10.0.17763.0\um\winnt.h(2502): note: see previous definition of 'STATUS_REG_NAT_CONSUMPTION'
c:\program files (x86)\windows kits\10\include\10.0.17763.0\shared\ntstatus.h(8623): warning C4005: 'STATUS_HEAP_CORRUPTION': macro redefinition
  c:\program files (x86)\windows kits\10\include\10.0.17763.0\um\winnt.h(2503): note: see previous definition of 'STATUS_HEAP_CORRUPTION'
c:\program files (x86)\windows kits\10\include\10.0.17763.0\shared\ntstatus.h(8851): warning C4005: 'STATUS_STACK_BUFFER_OVERRUN': macro redefinition
  c:\program files (x86)\windows kits\10\include\10.0.17763.0\um\winnt.h(2504): note: see previous definition of 'STATUS_STACK_BUFFER_OVERRUN'
c:\program files (x86)\windows kits\10\include\10.0.17763.0\shared\ntstatus.h(8978): warning C4005: 'STATUS_INVALID_CRUNTIME_PARAMETER': macro redefinition
  c:\program files (x86)\windows kits\10\include\10.0.17763.0\um\winnt.h(2505): note: see previous definition of 'STATUS_INVALID_CRUNTIME_PARAMETER'
c:\program files (x86)\windows kits\10\include\10.0.17763.0\shared\ntstatus.h(9041): warning C4005: 'STATUS_ASSERTION_FAILURE': macro redefinition
  c:\program files (x86)\windows kits\10\include\10.0.17763.0\um\winnt.h(2506): note: see previous definition of 'STATUS_ASSERTION_FAILURE'
c:\program files (x86)\windows kits\10\include\10.0.17763.0\shared\ntstatus.h(9959): warning C4005: 'STATUS_ENCLAVE_VIOLATION': macro redefinition
  c:\program files (x86)\windows kits\10\include\10.0.17763.0\um\winnt.h(2507): note: see previous definition of 'STATUS_ENCLAVE_VIOLATION'
c:\program files (x86)\windows kits\10\include\10.0.17763.0\shared\ntstatus.h(14123): warning C4005: 'STATUS_SXS_EARLY_DEACTIVATION': macro redefinition
  c:\program files (x86)\windows kits\10\include\10.0.17763.0\um\winnt.h(2509): note: see previous definition of 'STATUS_SXS_EARLY_DEACTIVATION'
c:\program files (x86)\windows kits\10\include\10.0.17763.0\shared\ntstatus.h(14132): warning C4005: 'STATUS_SXS_INVALID_DEACTIVATION': macro redefinition
  c:\program files (x86)\windows kits\10\include\10.0.17763.0\um\winnt.h(2510): note: see previous definition of 'STATUS_SXS_INVALID_DEACTIVATION'
  WriteFile.cpp
c:\program files (x86)\windows kits\10\include\10.0.17763.0\shared\ntstatus.h(66): warning C4005: 'STATUS_WAIT_0': macro redefinition
  c:\program files (x86)\windows kits\10\include\10.0.17763.0\um\winnt.h(2450): note: see previous definition of 'STATUS_WAIT_0'
c:\program files (x86)\windows kits\10\include\10.0.17763.0\shared\ntstatus.h(220): warning C4005: 'STATUS_ABANDONED_WAIT_0': macro redefinition
  c:\program files (x86)\windows kits\10\include\10.0.17763.0\um\winnt.h(2451): note: see previous definition of 'STATUS_ABANDONED_WAIT_0'
c:\program files (x86)\windows kits\10\include\10.0.17763.0\shared\ntstatus.h(243): warning C4005: 'STATUS_USER_APC': macro redefinition
  c:\program files (x86)\windows kits\10\include\10.0.17763.0\um\winnt.h(2452): note: see previous definition of 'STATUS_USER_APC'
c:\program files (x86)\windows kits\10\include\10.0.17763.0\shared\ntstatus.h(279): warning C4005: 'STATUS_TIMEOUT': macro redefinition
  c:\program files (x86)\windows kits\10\include\10.0.17763.0\um\winnt.h(2453): note: see previous definition of 'STATUS_TIMEOUT'
c:\program files (x86)\windows kits\10\include\10.0.17763.0\shared\ntstatus.h(288): warning C4005: 'STATUS_PENDING': macro redefinition
  c:\program files (x86)\windows kits\10\include\10.0.17763.0\um\winnt.h(2454): note: see previous definition of 'STATUS_PENDING'
c:\program files (x86)\windows kits\10\include\10.0.17763.0\shared\ntstatus.h(735): warning C4005: 'DBG_EXCEPTION_HANDLED': macro redefinition
  c:\program files (x86)\windows kits\10\include\10.0.17763.0\um\winnt.h(2455): note: see previous definition of 'DBG_EXCEPTION_HANDLED'
c:\program files (x86)\windows kits\10\include\10.0.17763.0\shared\ntstatus.h(744): warning C4005: 'DBG_CONTINUE': macro redefinition
  c:\program files (x86)\windows kits\10\include\10.0.17763.0\um\winnt.h(2456): note: see previous definition of 'DBG_CONTINUE'
c:\program files (x86)\windows kits\10\include\10.0.17763.0\shared\ntstatus.h(819): warning C4005: 'STATUS_SEGMENT_NOTIFICATION': macro redefinition
  c:\program files (x86)\windows kits\10\include\10.0.17763.0\um\winnt.h(2457): note: see previous definition of 'STATUS_SEGMENT_NOTIFICATION'
c:\program files (x86)\windows kits\10\include\10.0.17763.0\shared\ntstatus.h(982): warning C4005: 'STATUS_FATAL_APP_EXIT': macro redefinition
  c:\program files (x86)\windows kits\10\include\10.0.17763.0\um\winnt.h(2458): note: see previous definition of 'STATUS_FATAL_APP_EXIT'
c:\program files (x86)\windows kits\10\include\10.0.17763.0\shared\ntstatus.h(1302): warning C4005: 'DBG_REPLY_LATER': macro redefinition
  c:\program files (x86)\windows kits\10\include\10.0.17763.0\um\winnt.h(2459): note: see previous definition of 'DBG_REPLY_LATER'
c:\program files (x86)\windows kits\10\include\10.0.17763.0\shared\ntstatus.h(1320): warning C4005: 'DBG_TERMINATE_THREAD': macro redefinition
  c:\program files (x86)\windows kits\10\include\10.0.17763.0\um\winnt.h(2460): note: see previous definition of 'DBG_TERMINATE_THREAD'
c:\program files (x86)\windows kits\10\include\10.0.17763.0\shared\ntstatus.h(1329): warning C4005: 'DBG_TERMINATE_PROCESS': macro redefinition
  c:\program files (x86)\windows kits\10\include\10.0.17763.0\um\winnt.h(2461): note: see previous definition of 'DBG_TERMINATE_PROCESS'
c:\program files (x86)\windows kits\10\include\10.0.17763.0\shared\ntstatus.h(1338): warning C4005: 'DBG_CONTROL_C': macro redefinition
  c:\program files (x86)\windows kits\10\include\10.0.17763.0\um\winnt.h(2462): note: see previous definition of 'DBG_CONTROL_C'
c:\program files (x86)\windows kits\10\include\10.0.17763.0\shared\ntstatus.h(1347): warning C4005: 'DBG_PRINTEXCEPTION_C': macro redefinition
  c:\program files (x86)\windows kits\10\include\10.0.17763.0\um\winnt.h(2463): note: see previous definition of 'DBG_PRINTEXCEPTION_C'
c:\program files (x86)\windows kits\10\include\10.0.17763.0\shared\ntstatus.h(1356): warning C4005: 'DBG_RIPEXCEPTION': macro redefinition
  c:\program files (x86)\windows kits\10\include\10.0.17763.0\um\winnt.h(2464): note: see previous definition of 'DBG_RIPEXCEPTION'
c:\program files (x86)\windows kits\10\include\10.0.17763.0\shared\ntstatus.h(1365): warning C4005: 'DBG_CONTROL_BREAK': macro redefinition
  c:\program files (x86)\windows kits\10\include\10.0.17763.0\um\winnt.h(2465): note: see previous definition of 'DBG_CONTROL_BREAK'
c:\program files (x86)\windows kits\10\include\10.0.17763.0\shared\ntstatus.h(1374): warning C4005: 'DBG_COMMAND_EXCEPTION': macro redefinition
  c:\program files (x86)\windows kits\10\include\10.0.17763.0\um\winnt.h(2466): note: see previous definition of 'DBG_COMMAND_EXCEPTION'
c:\program files (x86)\windows kits\10\include\10.0.17763.0\shared\ntstatus.h(1383): warning C4005: 'DBG_PRINTEXCEPTION_WIDE_C': macro redefinition
  c:\program files (x86)\windows kits\10\include\10.0.17763.0\um\winnt.h(2467): note: see previous definition of 'DBG_PRINTEXCEPTION_WIDE_C'
c:\program files (x86)\windows kits\10\include\10.0.17763.0\shared\ntstatus.h(1415): warning C4005: 'STATUS_GUARD_PAGE_VIOLATION': macro redefinition
  c:\program files (x86)\windows kits\10\include\10.0.17763.0\um\winnt.h(2468): note: see previous definition of 'STATUS_GUARD_PAGE_VIOLATION'
c:\program files (x86)\windows kits\10\include\10.0.17763.0\shared\ntstatus.h(1426): warning C4005: 'STATUS_DATATYPE_MISALIGNMENT': macro redefinition
  c:\program files (x86)\windows kits\10\include\10.0.17763.0\um\winnt.h(2469): note: see previous definition of 'STATUS_DATATYPE_MISALIGNMENT'
c:\program files (x86)\windows kits\10\include\10.0.17763.0\shared\ntstatus.h(1437): warning C4005: 'STATUS_BREAKPOINT': macro redefinition
  c:\program files (x86)\windows kits\10\include\10.0.17763.0\um\winnt.h(2470): note: see previous definition of 'STATUS_BREAKPOINT'
c:\program files (x86)\windows kits\10\include\10.0.17763.0\shared\ntstatus.h(1448): warning C4005: 'STATUS_SINGLE_STEP': macro redefinition
  c:\program files (x86)\windows kits\10\include\10.0.17763.0\um\winnt.h(2471): note: see previous definition of 'STATUS_SINGLE_STEP'
c:\program files (x86)\windows kits\10\include\10.0.17763.0\shared\ntstatus.h(1751): warning C4005: 'STATUS_LONGJUMP': macro redefinition
  c:\program files (x86)\windows kits\10\include\10.0.17763.0\um\winnt.h(2472): note: see previous definition of 'STATUS_LONGJUMP'
c:\program files (x86)\windows kits\10\include\10.0.17763.0\shared\ntstatus.h(1778): warning C4005: 'STATUS_UNWIND_CONSOLIDATE': macro redefinition
  c:\program files (x86)\windows kits\10\include\10.0.17763.0\um\winnt.h(2473): note: see previous definition of 'STATUS_UNWIND_CONSOLIDATE'
c:\program files (x86)\windows kits\10\include\10.0.17763.0\shared\ntstatus.h(1873): warning C4005: 'DBG_EXCEPTION_NOT_HANDLED': macro redefinition
  c:\program files (x86)\windows kits\10\include\10.0.17763.0\um\winnt.h(2474): note: see previous definition of 'DBG_EXCEPTION_NOT_HANDLED'
c:\program files (x86)\windows kits\10\include\10.0.17763.0\shared\ntstatus.h(2019): warning C4005: 'STATUS_ACCESS_VIOLATION': macro redefinition
  c:\program files (x86)\windows kits\10\include\10.0.17763.0\um\winnt.h(2475): note: see previous definition of 'STATUS_ACCESS_VIOLATION'
c:\program files (x86)\windows kits\10\include\10.0.17763.0\shared\ntstatus.h(2028): warning C4005: 'STATUS_IN_PAGE_ERROR': macro redefinition
  c:\program files (x86)\windows kits\10\include\10.0.17763.0\um\winnt.h(2476): note: see previous definition of 'STATUS_IN_PAGE_ERROR'
c:\program files (x86)\windows kits\10\include\10.0.17763.0\shared\ntstatus.h(2046): warning C4005: 'STATUS_INVALID_HANDLE': macro redefinition
  c:\program files (x86)\windows kits\10\include\10.0.17763.0\um\winnt.h(2477): note: see previous definition of 'STATUS_INVALID_HANDLE'
c:\program files (x86)\windows kits\10\include\10.0.17763.0\shared\ntstatus.h(2091): warning C4005: 'STATUS_INVALID_PARAMETER': macro redefinition
  c:\program files (x86)\windows kits\10\include\10.0.17763.0\um\winnt.h(2478): note: see previous definition of 'STATUS_INVALID_PARAMETER'
c:\program files (x86)\windows kits\10\include\10.0.17763.0\shared\ntstatus.h(2191): warning C4005: 'STATUS_NO_MEMORY': macro redefinition
  c:\program files (x86)\windows kits\10\include\10.0.17763.0\um\winnt.h(2479): note: see previous definition of 'STATUS_NO_MEMORY'
c:\program files (x86)\windows kits\10\include\10.0.17763.0\shared\ntstatus.h(2248): warning C4005: 'STATUS_ILLEGAL_INSTRUCTION': macro redefinition
  c:\program files (x86)\windows kits\10\include\10.0.17763.0\um\winnt.h(2480): note: see previous definition of 'STATUS_ILLEGAL_INSTRUCTION'
c:\program files (x86)\windows kits\10\include\10.0.17763.0\shared\ntstatus.h(2329): warning C4005: 'STATUS_NONCONTINUABLE_EXCEPTION': macro redefinition
  c:\program files (x86)\windows kits\10\include\10.0.17763.0\um\winnt.h(2481): note: see previous definition of 'STATUS_NONCONTINUABLE_EXCEPTION'
c:\program files (x86)\windows kits\10\include\10.0.17763.0\shared\ntstatus.h(2338): warning C4005: 'STATUS_INVALID_DISPOSITION': macro redefinition
  c:\program files (x86)\windows kits\10\include\10.0.17763.0\um\winnt.h(2482): note: see previous definition of 'STATUS_INVALID_DISPOSITION'
c:\program files (x86)\windows kits\10\include\10.0.17763.0\shared\ntstatus.h(3271): warning C4005: 'STATUS_ARRAY_BOUNDS_EXCEEDED': macro redefinition
  c:\program files (x86)\windows kits\10\include\10.0.17763.0\um\winnt.h(2483): note: see previous definition of 'STATUS_ARRAY_BOUNDS_EXCEEDED'
c:\program files (x86)\windows kits\10\include\10.0.17763.0\shared\ntstatus.h(3281): warning C4005: 'STATUS_FLOAT_DENORMAL_OPERAND': macro redefinition
  c:\program files (x86)\windows kits\10\include\10.0.17763.0\um\winnt.h(2484): note: see previous definition of 'STATUS_FLOAT_DENORMAL_OPERAND'
c:\program files (x86)\windows kits\10\include\10.0.17763.0\shared\ntstatus.h(3291): warning C4005: 'STATUS_FLOAT_DIVIDE_BY_ZERO': macro redefinition
  c:\program files (x86)\windows kits\10\include\10.0.17763.0\um\winnt.h(2485): note: see previous definition of 'STATUS_FLOAT_DIVIDE_BY_ZERO'
c:\program files (x86)\windows kits\10\include\10.0.17763.0\shared\ntstatus.h(3301): warning C4005: 'STATUS_FLOAT_INEXACT_RESULT': macro redefinition
  c:\program files (x86)\windows kits\10\include\10.0.17763.0\um\winnt.h(2486): note: see previous definition of 'STATUS_FLOAT_INEXACT_RESULT'
c:\program files (x86)\windows kits\10\include\10.0.17763.0\shared\ntstatus.h(3311): warning C4005: 'STATUS_FLOAT_INVALID_OPERATION': macro redefinition
  c:\program files (x86)\windows kits\10\include\10.0.17763.0\um\winnt.h(2487): note: see previous definition of 'STATUS_FLOAT_INVALID_OPERATION'
c:\program files (x86)\windows kits\10\include\10.0.17763.0\shared\ntstatus.h(3321): warning C4005: 'STATUS_FLOAT_OVERFLOW': macro redefinition
  c:\program files (x86)\windows kits\10\include\10.0.17763.0\um\winnt.h(2488): note: see previous definition of 'STATUS_FLOAT_OVERFLOW'
c:\program files (x86)\windows kits\10\include\10.0.17763.0\shared\ntstatus.h(3331): warning C4005: 'STATUS_FLOAT_STACK_CHECK': macro redefinition
  c:\program files (x86)\windows kits\10\include\10.0.17763.0\um\winnt.h(2489): note: see previous definition of 'STATUS_FLOAT_STACK_CHECK'
c:\program files (x86)\windows kits\10\include\10.0.17763.0\shared\ntstatus.h(3341): warning C4005: 'STATUS_FLOAT_UNDERFLOW': macro redefinition
  c:\program files (x86)\windows kits\10\include\10.0.17763.0\um\winnt.h(2490): note: see previous definition of 'STATUS_FLOAT_UNDERFLOW'
c:\program files (x86)\windows kits\10\include\10.0.17763.0\shared\ntstatus.h(3351): warning C4005: 'STATUS_INTEGER_DIVIDE_BY_ZERO': macro redefinition
  c:\program files (x86)\windows kits\10\include\10.0.17763.0\um\winnt.h(2491): note: see previous definition of 'STATUS_INTEGER_DIVIDE_BY_ZERO'
c:\program files (x86)\windows kits\10\include\10.0.17763.0\shared\ntstatus.h(3361): warning C4005: 'STATUS_INTEGER_OVERFLOW': macro redefinition
  c:\program files (x86)\windows kits\10\include\10.0.17763.0\um\winnt.h(2492): note: see previous definition of 'STATUS_INTEGER_OVERFLOW'
c:\program files (x86)\windows kits\10\include\10.0.17763.0\shared\ntstatus.h(3371): warning C4005: 'STATUS_PRIVILEGED_INSTRUCTION': macro redefinition
  c:\program files (x86)\windows kits\10\include\10.0.17763.0\um\winnt.h(2493): note: see previous definition of 'STATUS_PRIVILEGED_INSTRUCTION'
c:\program files (x86)\windows kits\10\include\10.0.17763.0\shared\ntstatus.h(4317): warning C4005: 'STATUS_STACK_OVERFLOW': macro redefinition
  c:\program files (x86)\windows kits\10\include\10.0.17763.0\um\winnt.h(2494): note: see previous definition of 'STATUS_STACK_OVERFLOW'
c:\program files (x86)\windows kits\10\include\10.0.17763.0\shared\ntstatus.h(4834): warning C4005: 'STATUS_DLL_NOT_FOUND': macro redefinition
  c:\program files (x86)\windows kits\10\include\10.0.17763.0\um\winnt.h(2495): note: see previous definition of 'STATUS_DLL_NOT_FOUND'
c:\program files (x86)\windows kits\10\include\10.0.17763.0\shared\ntstatus.h(4863): warning C4005: 'STATUS_ORDINAL_NOT_FOUND': macro redefinition
  c:\program files (x86)\windows kits\10\include\10.0.17763.0\um\winnt.h(2496): note: see previous definition of 'STATUS_ORDINAL_NOT_FOUND'
c:\program files (x86)\windows kits\10\include\10.0.17763.0\shared\ntstatus.h(4873): warning C4005: 'STATUS_ENTRYPOINT_NOT_FOUND': macro redefinition
  c:\program files (x86)\windows kits\10\include\10.0.17763.0\um\winnt.h(2497): note: see previous definition of 'STATUS_ENTRYPOINT_NOT_FOUND'
c:\program files (x86)\windows kits\10\include\10.0.17763.0\shared\ntstatus.h(4883): warning C4005: 'STATUS_CONTROL_C_EXIT': macro redefinition
  c:\program files (x86)\windows kits\10\include\10.0.17763.0\um\winnt.h(2498): note: see previous definition of 'STATUS_CONTROL_C_EXIT'
c:\program files (x86)\windows kits\10\include\10.0.17763.0\shared\ntstatus.h(4961): warning C4005: 'STATUS_DLL_INIT_FAILED': macro redefinition
  c:\program files (x86)\windows kits\10\include\10.0.17763.0\um\winnt.h(2499): note: see previous definition of 'STATUS_DLL_INIT_FAILED'
c:\program files (x86)\windows kits\10\include\10.0.17763.0\shared\ntstatus.h(7498): warning C4005: 'STATUS_FLOAT_MULTIPLE_FAULTS': macro redefinition
  c:\program files (x86)\windows kits\10\include\10.0.17763.0\um\winnt.h(2500): note: see previous definition of 'STATUS_FLOAT_MULTIPLE_FAULTS'
c:\program files (x86)\windows kits\10\include\10.0.17763.0\shared\ntstatus.h(7508): warning C4005: 'STATUS_FLOAT_MULTIPLE_TRAPS': macro redefinition
  c:\program files (x86)\windows kits\10\include\10.0.17763.0\um\winnt.h(2501): note: see previous definition of 'STATUS_FLOAT_MULTIPLE_TRAPS'
c:\program files (x86)\windows kits\10\include\10.0.17763.0\shared\ntstatus.h(7640): warning C4005: 'STATUS_REG_NAT_CONSUMPTION': macro redefinition
  c:\program files (x86)\windows kits\10\include\10.0.17763.0\um\winnt.h(2502): note: see previous definition of 'STATUS_REG_NAT_CONSUMPTION'
c:\program files (x86)\windows kits\10\include\10.0.17763.0\shared\ntstatus.h(8623): warning C4005: 'STATUS_HEAP_CORRUPTION': macro redefinition
  c:\program files (x86)\windows kits\10\include\10.0.17763.0\um\winnt.h(2503): note: see previous definition of 'STATUS_HEAP_CORRUPTION'
c:\program files (x86)\windows kits\10\include\10.0.17763.0\shared\ntstatus.h(8851): warning C4005: 'STATUS_STACK_BUFFER_OVERRUN': macro redefinition
  c:\program files (x86)\windows kits\10\include\10.0.17763.0\um\winnt.h(2504): note: see previous definition of 'STATUS_STACK_BUFFER_OVERRUN'
c:\program files (x86)\windows kits\10\include\10.0.17763.0\shared\ntstatus.h(8978): warning C4005: 'STATUS_INVALID_CRUNTIME_PARAMETER': macro redefinition
  c:\program files (x86)\windows kits\10\include\10.0.17763.0\um\winnt.h(2505): note: see previous definition of 'STATUS_INVALID_CRUNTIME_PARAMETER'
c:\program files (x86)\windows kits\10\include\10.0.17763.0\shared\ntstatus.h(9041): warning C4005: 'STATUS_ASSERTION_FAILURE': macro redefinition
  c:\program files (x86)\windows kits\10\include\10.0.17763.0\um\winnt.h(2506): note: see previous definition of 'STATUS_ASSERTION_FAILURE'
c:\program files (x86)\windows kits\10\include\10.0.17763.0\shared\ntstatus.h(9959): warning C4005: 'STATUS_ENCLAVE_VIOLATION': macro redefinition
  c:\program files (x86)\windows kits\10\include\10.0.17763.0\um\winnt.h(2507): note: see previous definition of 'STATUS_ENCLAVE_VIOLATION'
c:\program files (x86)\windows kits\10\include\10.0.17763.0\shared\ntstatus.h(14123): warning C4005: 'STATUS_SXS_EARLY_DEACTIVATION': macro redefinition
  c:\program files (x86)\windows kits\10\include\10.0.17763.0\um\winnt.h(2509): note: see previous definition of 'STATUS_SXS_EARLY_DEACTIVATION'
c:\program files (x86)\windows kits\10\include\10.0.17763.0\shared\ntstatus.h(14132): warning C4005: 'STATUS_SXS_INVALID_DEACTIVATION': macro redefinition
  c:\program files (x86)\windows kits\10\include\10.0.17763.0\um\winnt.h(2510): note: see previous definition of 'STATUS_SXS_INVALID_DEACTIVATION'
d:\masterthesis\encrypter\encryptercli\encryptercli\writefile.cpp(81): warning C4326: return type of 'wmain' should be 'int' instead of 'void'
  Generating Code...
  EncrypterCLI.vcxproj -> D:\MasterThesis\Encrypter\encrypterCLI\Debug\EncrypterCLI.exe
